New log file opened at Tue Mar 14 12:06:32 GMT 2017 by 6070@phills
Sending msg to client play-fork-run-201e7ff7-1196-4871-82f5-bf309f82f59b: DetachedLogEvent(LogMessage(debug,sbt server socket logs are in: /media/sf_phillsShared/play project/play-java/.sbtserver/connections/master.log))
Sending msg to client play-fork-run-201e7ff7-1196-4871-82f5-bf309f82f59b: DetachedLogEvent(LogMessage(debug,sbt general server logs are in: /media/sf_phillsShared/play project/play-java/.sbtserver/master.log))
Sending msg to client play-fork-run-201e7ff7-1196-4871-82f5-bf309f82f59b: DetachedLogEvent(LogMessage(debug,sbt client logs are in: /media/sf_phillsShared/play project/play-java/.sbtserver/connections/play-fork-run-201e7ff7-1196-4871-82f5-bf309f82f59b.log))
Reading next message from client.
Got request: DaemonRequest(true)
Reading next message from client.
Sending msg to client play-fork-run-201e7ff7-1196-4871-82f5-bf309f82f59b: (3,ReceivedResponse())
Got request: ListenToEvents()
Reading next message from client.
Sending msg to client play-fork-run-201e7ff7-1196-4871-82f5-bf309f82f59b: BackgroundJobStarted(12,BackgroundJobInfo(2,backgroundRun,AttributeKey[sbt.BackgroundJobHandle]("backgroundRun") in Scope(Build: file:/media/sf_phillsShared/play%20project/play-java/, , Project: ProjectReference(file:/media/sf_phillsShared/play%20project/play-java/,myProject), Config: compile)))
Sending msg to client play-fork-run-201e7ff7-1196-4871-82f5-bf309f82f59b: BackgroundJobStarted(6,BackgroundJobInfo(1,backgroundRun,AttributeKey[sbt.BackgroundJobHandle]("backgroundRun") in Scope(Build: file:/media/sf_phillsShared/play%20project/play-java/, , Project: ProjectReference(file:/media/sf_phillsShared/play%20project/play-java/,myProject), Config: compile)))
Sending msg to client play-fork-run-201e7ff7-1196-4871-82f5-bf309f82f59b: (4,ReceivedResponse())
Got request: KeyLookupRequest(myProject/playForkConfig)
Reading next message from client.
Sending msg to client play-fork-run-201e7ff7-1196-4871-82f5-bf309f82f59b: (5,KeyLookupResponse(myProject/playForkConfig,Vector(AttributeKey[play.forkrun.protocol.ForkConfig]("playForkConfig") in Scope(Build: file:/media/sf_phillsShared/play%20project/play-java/, , Project: ProjectReference(file:/media/sf_phillsShared/play%20project/play-java/,myProject)))))
Sending msg to client play-fork-run-201e7ff7-1196-4871-82f5-bf309f82f59b: BackgroundJobLogEvent(1,LogMessage(info,JVM exiting, shutting down Play fork run ...))
Sending msg to client play-fork-run-201e7ff7-1196-4871-82f5-bf309f82f59b: BackgroundJobLogEvent(1,LogMessage(info,Play fork run already stopped ...))
Got request: ListenToValue(AttributeKey[play.forkrun.protocol.ForkConfig]("playForkConfig") in Scope(Build: file:/media/sf_phillsShared/play%20project/play-java/, , Project: ProjectReference(file:/media/sf_phillsShared/play%20project/play-java/,myProject)))
Reading next message from client.
Sending msg to client play-fork-run-201e7ff7-1196-4871-82f5-bf309f82f59b: (6,ReceivedResponse())
Got request: KeyExecutionRequest(AttributeKey[play.forkrun.protocol.ForkConfig]("playForkConfig") in Scope(Build: file:/media/sf_phillsShared/play%20project/play-java/, , Project: ProjectReference(file:/media/sf_phillsShared/play%20project/play-java/,myProject)))
Reading next message from client.
Sending msg to client play-fork-run-201e7ff7-1196-4871-82f5-bf309f82f59b: (7,ExecutionRequestReceived(13))
Sending msg to client play-fork-run-201e7ff7-1196-4871-82f5-bf309f82f59b: ExecutionWaiting(13,{file:/media/sf_phillsShared/play%20project/play-java/}myProject/*:playForkConfig,ClientInfo(201e7ff7-1196-4871-82f5-bf309f82f59b,play-fork-run,Play Fork Run,1,Vector()))
Sending msg to client play-fork-run-201e7ff7-1196-4871-82f5-bf309f82f59b: ExecutionStarting(13)
Sending msg to client play-fork-run-201e7ff7-1196-4871-82f5-bf309f82f59b: DetachedLogEvent(LogMessage(debug,> {file:/media/sf_phillsShared/play%20project/play-java/}myProject/*:playForkConfig))
Sending msg to client play-fork-run-201e7ff7-1196-4871-82f5-bf309f82f59b: DetachedLogEvent(LogMessage(debug,Evaluating tasks: *:playForkConfig))
Sending msg to client play-fork-run-201e7ff7-1196-4871-82f5-bf309f82f59b: DetachedLogEvent(LogMessage(debug,Running task... Cancel: sbt.server.ServerTaskCancellation@1bbab55c, check cycles: false))
Sending msg to client play-fork-run-201e7ff7-1196-4871-82f5-bf309f82f59b: DetachedLogEvent(LogMessage(debug,cancel strategy start enabled=true lastCommand=Some(LastCommand(CommandExecutionWork(ExecutionId(13),{file:/media/sf_phillsShared/play%20project/play-java/}myProject/*:playForkConfig,Set(LiveClient(play-fork-run 201e7ff7-1196-4871-82f5-bf309f82f59b)),sbt.server.WorkCancellationStatus$$anon$1@9d16374)))))
Sending msg to client play-fork-run-201e7ff7-1196-4871-82f5-bf309f82f59b: TaskStarted(13,1063,None)
Sending msg to client play-fork-run-201e7ff7-1196-4871-82f5-bf309f82f59b: BackgroundJobLogEvent(1,LogMessage(info,Forked Play process exited with status: 0))
Sending msg to client play-fork-run-201e7ff7-1196-4871-82f5-bf309f82f59b: TaskStarted(13,1065,None)
Sending msg to client play-fork-run-201e7ff7-1196-4871-82f5-bf309f82f59b: BackgroundJobFinished(6,1)
Sending msg to client play-fork-run-201e7ff7-1196-4871-82f5-bf309f82f59b: TaskStarted(13,1067,None)
Sending msg to client play-fork-run-201e7ff7-1196-4871-82f5-bf309f82f59b: TaskStarted(13,1070,Some(AttributeKey[java.lang.String]("updateCacheName") in Scope(Build: file:/media/sf_phillsShared/play%20project/play-java/, , Project: ProjectReference(file:/media/sf_phillsShared/play%20project/play-java/,myProject))))
Sending msg to client play-fork-run-201e7ff7-1196-4871-82f5-bf309f82f59b: TaskStarted(13,1072,None)
Sending msg to client play-fork-run-201e7ff7-1196-4871-82f5-bf309f82f59b: TaskStarted(13,1076,Some(AttributeKey[boolean]("skip") in Scope(Global)))
Sending msg to client play-fork-run-201e7ff7-1196-4871-82f5-bf309f82f59b: TaskStarted(13,1085,Some(AttributeKey[scala.collection.Seq[sbt.Resolver]]("externalResolvers") in Scope(Build: file:/media/sf_phillsShared/play%20project/play-java/, , Project: ProjectReference(file:/media/sf_phillsShared/play%20project/play-java/,myProject))))
Sending msg to client play-fork-run-201e7ff7-1196-4871-82f5-bf309f82f59b: TaskStarted(13,1086,Some(AttributeKey[scala.Option[scala.collection.Seq[sbt.Resolver]]]("bootResolvers") in Scope(Build: file:/media/sf_phillsShared/play%20project/play-java/, , Project: ProjectReference(file:/media/sf_phillsShared/play%20project/play-java/,myProject))))
Sending msg to client play-fork-run-201e7ff7-1196-4871-82f5-bf309f82f59b: TaskStarted(13,1087,Some(AttributeKey[scala.collection.Seq[sbt.Credentials]]("credentials") in Scope(Global)))
Sending msg to client play-fork-run-201e7ff7-1196-4871-82f5-bf309f82f59b: TaskStarted(13,1093,None)
Sending msg to client play-fork-run-201e7ff7-1196-4871-82f5-bf309f82f59b: TaskStarted(13,1094,None)
Sending msg to client play-fork-run-201e7ff7-1196-4871-82f5-bf309f82f59b: TaskStarted(13,1095,Some(AttributeKey[scala.collection.Seq[java.lang.String]]("javaOptions") in Scope(Global)))
Sending msg to client play-fork-run-201e7ff7-1196-4871-82f5-bf309f82f59b: TaskStarted(13,1096,Some(AttributeKey[scala.Option[java.lang.String]]("mainClass") in Scope(Build: file:/media/sf_phillsShared/play%20project/play-java/, , Project: ProjectReference(file:/media/sf_phillsShared/play%20project/play-java/,myProject), Config: compile, Task: AttributeKey[void]("run"))))
Sending msg to client play-fork-run-201e7ff7-1196-4871-82f5-bf309f82f59b: TaskStarted(13,1106,None)
Sending msg to client play-fork-run-201e7ff7-1196-4871-82f5-bf309f82f59b: TaskStarted(13,1111,Some(AttributeKey[scala.Tuple2[java.lang.String,java.io.File]]("playPrefixAndAssets") in Scope(Build: file:/media/sf_phillsShared/play%20project/play-java/, , Project: ProjectReference(file:/media/sf_phillsShared/play%20project/play-java/,myProject))))
Sending msg to client play-fork-run-201e7ff7-1196-4871-82f5-bf309f82f59b: TaskStarted(13,1113,None)
Sending msg to client play-fork-run-201e7ff7-1196-4871-82f5-bf309f82f59b: TaskFinished(13,1063,None,true,None)
Sending msg to client play-fork-run-201e7ff7-1196-4871-82f5-bf309f82f59b: TaskStarted(13,1062,None)
Sending msg to client play-fork-run-201e7ff7-1196-4871-82f5-bf309f82f59b: TaskStarted(13,1075,None)
Sending msg to client play-fork-run-201e7ff7-1196-4871-82f5-bf309f82f59b: TaskStarted(13,1080,None)
Sending msg to client play-fork-run-201e7ff7-1196-4871-82f5-bf309f82f59b: TaskStarted(13,1084,None)
Sending msg to client play-fork-run-201e7ff7-1196-4871-82f5-bf309f82f59b: TaskStarted(13,1088,None)
Sending msg to client play-fork-run-201e7ff7-1196-4871-82f5-bf309f82f59b: TaskStarted(13,1098,None)
Sending msg to client play-fork-run-201e7ff7-1196-4871-82f5-bf309f82f59b: TaskStarted(13,1101,None)
Sending msg to client play-fork-run-201e7ff7-1196-4871-82f5-bf309f82f59b: TaskStarted(13,1109,None)
Sending msg to client play-fork-run-201e7ff7-1196-4871-82f5-bf309f82f59b: TaskFinished(13,1065,None,true,None)
Sending msg to client play-fork-run-201e7ff7-1196-4871-82f5-bf309f82f59b: TaskStarted(13,1069,Some(AttributeKey[sbt.BuildStructure]("buildStructure") in Scope(Global)))
Sending msg to client play-fork-run-201e7ff7-1196-4871-82f5-bf309f82f59b: TaskStarted(13,1071,Some(AttributeKey[java.io.File]("dependencyCacheDirectory") in Scope(Build: file:/media/sf_phillsShared/play%20project/play-java/, , Project: ProjectReference(file:/media/sf_phillsShared/play%20project/play-java/,myProject))))
Sending msg to client play-fork-run-201e7ff7-1196-4871-82f5-bf309f82f59b: TaskFinished(13,1067,None,true,None)
Sending msg to client play-fork-run-201e7ff7-1196-4871-82f5-bf309f82f59b: TaskFinished(13,1070,Some(AttributeKey[java.lang.String]("updateCacheName") in Scope(Build: file:/media/sf_phillsShared/play%20project/play-java/, , Project: ProjectReference(file:/media/sf_phillsShared/play%20project/play-java/,myProject))),true,None)
Sending msg to client play-fork-run-201e7ff7-1196-4871-82f5-bf309f82f59b: TaskFinished(13,1072,None,true,None)
Sending msg to client play-fork-run-201e7ff7-1196-4871-82f5-bf309f82f59b: TaskFinished(13,1076,Some(AttributeKey[boolean]("skip") in Scope(Global)),true,None)
Sending msg to client play-fork-run-201e7ff7-1196-4871-82f5-bf309f82f59b: TaskFinished(13,1085,Some(AttributeKey[scala.collection.Seq[sbt.Resolver]]("externalResolvers") in Scope(Build: file:/media/sf_phillsShared/play%20project/play-java/, , Project: ProjectReference(file:/media/sf_phillsShared/play%20project/play-java/,myProject))),true,None)
Sending msg to client play-fork-run-201e7ff7-1196-4871-82f5-bf309f82f59b: TaskFinished(13,1086,Some(AttributeKey[scala.Option[scala.collection.Seq[sbt.Resolver]]]("bootResolvers") in Scope(Build: file:/media/sf_phillsShared/play%20project/play-java/, , Project: ProjectReference(file:/media/sf_phillsShared/play%20project/play-java/,myProject))),true,None)
Sending msg to client play-fork-run-201e7ff7-1196-4871-82f5-bf309f82f59b: TaskFinished(13,1087,Some(AttributeKey[scala.collection.Seq[sbt.Credentials]]("credentials") in Scope(Global)),true,None)
Sending msg to client play-fork-run-201e7ff7-1196-4871-82f5-bf309f82f59b: TaskFinished(13,1093,None,true,None)
Sending msg to client play-fork-run-201e7ff7-1196-4871-82f5-bf309f82f59b: TaskFinished(13,1094,None,true,None)
Sending msg to client play-fork-run-201e7ff7-1196-4871-82f5-bf309f82f59b: TaskStarted(13,1092,Some(AttributeKey[scala.collection.Seq[sbt.UpdateReport]]("transitiveUpdate") in Scope(Build: file:/media/sf_phillsShared/play%20project/play-java/, , Project: ProjectReference(file:/media/sf_phillsShared/play%20project/play-java/,myProject))))
Sending msg to client play-fork-run-201e7ff7-1196-4871-82f5-bf309f82f59b: TaskFinished(13,1095,Some(AttributeKey[scala.collection.Seq[java.lang.String]]("javaOptions") in Scope(Global)),true,None)
Sending msg to client play-fork-run-201e7ff7-1196-4871-82f5-bf309f82f59b: TaskFinished(13,1106,None,true,None)
Sending msg to client play-fork-run-201e7ff7-1196-4871-82f5-bf309f82f59b: TaskFinished(13,1111,Some(AttributeKey[scala.Tuple2[java.lang.String,java.io.File]]("playPrefixAndAssets") in Scope(Build: file:/media/sf_phillsShared/play%20project/play-java/, , Project: ProjectReference(file:/media/sf_phillsShared/play%20project/play-java/,myProject))),true,None)
Sending msg to client play-fork-run-201e7ff7-1196-4871-82f5-bf309f82f59b: TaskStarted(13,1110,Some(AttributeKey[scala.collection.Seq[scala.Tuple2[java.lang.String,java.io.File]]]("playAllAssets") in Scope(Build: file:/media/sf_phillsShared/play%20project/play-java/, , Project: ProjectReference(file:/media/sf_phillsShared/play%20project/play-java/,myProject))))
Sending msg to client play-fork-run-201e7ff7-1196-4871-82f5-bf309f82f59b: TaskFinished(13,1096,Some(AttributeKey[scala.Option[java.lang.String]]("mainClass") in Scope(Build: file:/media/sf_phillsShared/play%20project/play-java/, , Project: ProjectReference(file:/media/sf_phillsShared/play%20project/play-java/,myProject), Config: compile, Task: AttributeKey[void]("run"))),true,None)
Sending msg to client play-fork-run-201e7ff7-1196-4871-82f5-bf309f82f59b: TaskFinished(13,1113,None,true,None)
Sending msg to client play-fork-run-201e7ff7-1196-4871-82f5-bf309f82f59b: TaskFinished(13,1062,None,true,None)
Sending msg to client play-fork-run-201e7ff7-1196-4871-82f5-bf309f82f59b: TaskFinished(13,1075,None,true,None)
Sending msg to client play-fork-run-201e7ff7-1196-4871-82f5-bf309f82f59b: TaskStarted(13,1074,Some(AttributeKey[scala.collection.immutable.Map[sbt.ModuleID,sbt.SourcePosition]]("dependencyPositions") in Scope(Build: file:/media/sf_phillsShared/play%20project/play-java/, , Project: ProjectReference(file:/media/sf_phillsShared/play%20project/play-java/,myProject))))
Sending msg to client play-fork-run-201e7ff7-1196-4871-82f5-bf309f82f59b: TaskFinished(13,1080,None,true,None)
Sending msg to client play-fork-run-201e7ff7-1196-4871-82f5-bf309f82f59b: TaskFinished(13,1084,None,true,None)
Sending msg to client play-fork-run-201e7ff7-1196-4871-82f5-bf309f82f59b: TaskFinished(13,1088,None,true,None)
Sending msg to client play-fork-run-201e7ff7-1196-4871-82f5-bf309f82f59b: TaskFinished(13,1101,None,true,None)
Sending msg to client play-fork-run-201e7ff7-1196-4871-82f5-bf309f82f59b: TaskFinished(13,1109,None,true,None)
Sending msg to client play-fork-run-201e7ff7-1196-4871-82f5-bf309f82f59b: TaskFinished(13,1069,Some(AttributeKey[sbt.BuildStructure]("buildStructure") in Scope(Global)),true,None)
Sending msg to client play-fork-run-201e7ff7-1196-4871-82f5-bf309f82f59b: TaskStarted(13,1068,Some(AttributeKey[sbt.Settings[sbt.Scope]]("settingsData") in Scope(Global)))
Sending msg to client play-fork-run-201e7ff7-1196-4871-82f5-bf309f82f59b: TaskFinished(13,1071,Some(AttributeKey[java.io.File]("dependencyCacheDirectory") in Scope(Build: file:/media/sf_phillsShared/play%20project/play-java/, , Project: ProjectReference(file:/media/sf_phillsShared/play%20project/play-java/,myProject))),true,None)
Sending msg to client play-fork-run-201e7ff7-1196-4871-82f5-bf309f82f59b: TaskFinished(13,1092,Some(AttributeKey[scala.collection.Seq[sbt.UpdateReport]]("transitiveUpdate") in Scope(Build: file:/media/sf_phillsShared/play%20project/play-java/, , Project: ProjectReference(file:/media/sf_phillsShared/play%20project/play-java/,myProject))),true,None)
Sending msg to client play-fork-run-201e7ff7-1196-4871-82f5-bf309f82f59b: TaskFinished(13,1110,Some(AttributeKey[scala.collection.Seq[scala.Tuple2[java.lang.String,java.io.File]]]("playAllAssets") in Scope(Build: file:/media/sf_phillsShared/play%20project/play-java/, , Project: ProjectReference(file:/media/sf_phillsShared/play%20project/play-java/,myProject))),true,None)
Sending msg to client play-fork-run-201e7ff7-1196-4871-82f5-bf309f82f59b: TaskFinished(13,1098,None,true,None)
Sending msg to client play-fork-run-201e7ff7-1196-4871-82f5-bf309f82f59b: TaskFinished(13,1068,Some(AttributeKey[sbt.Settings[sbt.Scope]]("settingsData") in Scope(Global)),true,None)
Sending msg to client play-fork-run-201e7ff7-1196-4871-82f5-bf309f82f59b: TaskStarted(13,1066,None)
Sending msg to client play-fork-run-201e7ff7-1196-4871-82f5-bf309f82f59b: TaskStarted(13,1083,Some(AttributeKey[scala.collection.immutable.Map[org.apache.ivy.core.module.id.ModuleRevisionId,org.apache.ivy.core.module.descriptor.ModuleDescriptor]]("projectDescriptors") in Scope(Build: file:/media/sf_phillsShared/play%20project/play-java/, , Project: ProjectReference(file:/media/sf_phillsShared/play%20project/play-java/,myProject))))
Sending msg to client play-fork-run-201e7ff7-1196-4871-82f5-bf309f82f59b: TaskStarted(13,1091,Some(AttributeKey[scala.collection.Seq[sbt.ModuleID]]("projectDependencies") in Scope(Build: file:/media/sf_phillsShared/play%20project/play-java/, , Project: ProjectReference(file:/media/sf_phillsShared/play%20project/play-java/,myProject))))
Sending msg to client play-fork-run-201e7ff7-1196-4871-82f5-bf309f82f59b: TaskStarted(13,1108,None)
Sending msg to client play-fork-run-201e7ff7-1196-4871-82f5-bf309f82f59b: TaskStarted(13,1112,Some(AttributeKey[scala.collection.Seq[java.io.File]]("playMonitoredFiles") in Scope(Build: file:/media/sf_phillsShared/play%20project/play-java/, , Project: ProjectReference(file:/media/sf_phillsShared/play%20project/play-java/,myProject))))
Sending msg to client play-fork-run-201e7ff7-1196-4871-82f5-bf309f82f59b: TaskStarted(13,1114,None)
Sending msg to client play-fork-run-201e7ff7-1196-4871-82f5-bf309f82f59b: TaskFinished(13,1091,Some(AttributeKey[scala.collection.Seq[sbt.ModuleID]]("projectDependencies") in Scope(Build: file:/media/sf_phillsShared/play%20project/play-java/, , Project: ProjectReference(file:/media/sf_phillsShared/play%20project/play-java/,myProject))),true,None)
Sending msg to client play-fork-run-201e7ff7-1196-4871-82f5-bf309f82f59b: TaskStarted(13,1090,Some(AttributeKey[scala.collection.Seq[sbt.ModuleID]]("allDependencies") in Scope(Build: file:/media/sf_phillsShared/play%20project/play-java/, , Project: ProjectReference(file:/media/sf_phillsShared/play%20project/play-java/,myProject))))
Sending msg to client play-fork-run-201e7ff7-1196-4871-82f5-bf309f82f59b: TaskStarted(13,1118,None)
Sending msg to client play-fork-run-201e7ff7-1196-4871-82f5-bf309f82f59b: TaskStarted(13,1119,None)
Sending msg to client play-fork-run-201e7ff7-1196-4871-82f5-bf309f82f59b: TaskStarted(13,1122,None)
Sending msg to client play-fork-run-201e7ff7-1196-4871-82f5-bf309f82f59b: TaskStarted(13,1123,None)
Sending msg to client play-fork-run-201e7ff7-1196-4871-82f5-bf309f82f59b: TaskStarted(13,1125,None)
Sending msg to client play-fork-run-201e7ff7-1196-4871-82f5-bf309f82f59b: TaskStarted(13,1126,None)
Sending msg to client play-fork-run-201e7ff7-1196-4871-82f5-bf309f82f59b: TaskFinished(13,1114,None,true,None)
Sending msg to client play-fork-run-201e7ff7-1196-4871-82f5-bf309f82f59b: TaskFinished(13,1066,None,true,None)
Sending msg to client play-fork-run-201e7ff7-1196-4871-82f5-bf309f82f59b: TaskFinished(13,1090,Some(AttributeKey[scala.collection.Seq[sbt.ModuleID]]("allDependencies") in Scope(Build: file:/media/sf_phillsShared/play%20project/play-java/, , Project: ProjectReference(file:/media/sf_phillsShared/play%20project/play-java/,myProject))),true,None)
Sending msg to client play-fork-run-201e7ff7-1196-4871-82f5-bf309f82f59b: TaskStarted(13,1089,Some(AttributeKey[sbt.ModuleSettings]("moduleSettings") in Scope(Build: file:/media/sf_phillsShared/play%20project/play-java/, , Project: ProjectReference(file:/media/sf_phillsShared/play%20project/play-java/,myProject))))
Sending msg to client play-fork-run-201e7ff7-1196-4871-82f5-bf309f82f59b: TaskFinished(13,1119,None,true,None)
Sending msg to client play-fork-run-201e7ff7-1196-4871-82f5-bf309f82f59b: TaskFinished(13,1122,None,true,None)
Sending msg to client play-fork-run-201e7ff7-1196-4871-82f5-bf309f82f59b: TaskFinished(13,1123,None,true,None)
Sending msg to client play-fork-run-201e7ff7-1196-4871-82f5-bf309f82f59b: TaskStarted(13,1121,Some(AttributeKey[scala.collection.Seq[sbt.Attributed[java.io.File]]]("unmanagedJars") in Scope(Build: file:/media/sf_phillsShared/play%20project/play-java/, , Project: ProjectReference(file:/media/sf_phillsShared/play%20project/play-java/,myProject), Config: compile)))
Sending msg to client play-fork-run-201e7ff7-1196-4871-82f5-bf309f82f59b: TaskFinished(13,1125,None,true,None)
Sending msg to client play-fork-run-201e7ff7-1196-4871-82f5-bf309f82f59b: TaskStarted(13,1124,None)
Sending msg to client play-fork-run-201e7ff7-1196-4871-82f5-bf309f82f59b: TaskFinished(13,1118,None,true,None)
Sending msg to client play-fork-run-201e7ff7-1196-4871-82f5-bf309f82f59b: TaskStarted(13,1117,Some(AttributeKey[scala.collection.Seq[sbt.Attributed[java.io.File]]]("unmanagedJars") in Scope(Build: file:/media/sf_phillsShared/play%20project/play-java/, , Project: ProjectReference(file:/media/sf_phillsShared/play%20project/play-java/,myProject), Config: runtime)))
Sending msg to client play-fork-run-201e7ff7-1196-4871-82f5-bf309f82f59b: TaskFinished(13,1089,Some(AttributeKey[sbt.ModuleSettings]("moduleSettings") in Scope(Build: file:/media/sf_phillsShared/play%20project/play-java/, , Project: ProjectReference(file:/media/sf_phillsShared/play%20project/play-java/,myProject))),true,None)
Sending msg to client play-fork-run-201e7ff7-1196-4871-82f5-bf309f82f59b: TaskFinished(13,1074,Some(AttributeKey[scala.collection.immutable.Map[sbt.ModuleID,sbt.SourcePosition]]("dependencyPositions") in Scope(Build: file:/media/sf_phillsShared/play%20project/play-java/, , Project: ProjectReference(file:/media/sf_phillsShared/play%20project/play-java/,myProject))),true,None)
Sending msg to client play-fork-run-201e7ff7-1196-4871-82f5-bf309f82f59b: TaskStarted(13,1073,Some(AttributeKey[sbt.UnresolvedWarningConfiguration]("unresolvedWarningConfiguration") in Scope(Build: file:/media/sf_phillsShared/play%20project/play-java/, , Project: ProjectReference(file:/media/sf_phillsShared/play%20project/play-java/,myProject), Task: AttributeKey[sbt.UpdateReport]("update"))))
Sending msg to client play-fork-run-201e7ff7-1196-4871-82f5-bf309f82f59b: TaskStarted(13,1127,None)
Sending msg to client play-fork-run-201e7ff7-1196-4871-82f5-bf309f82f59b: TaskFinished(13,1117,Some(AttributeKey[scala.collection.Seq[sbt.Attributed[java.io.File]]]("unmanagedJars") in Scope(Build: file:/media/sf_phillsShared/play%20project/play-java/, , Project: ProjectReference(file:/media/sf_phillsShared/play%20project/play-java/,myProject), Config: runtime)),true,None)
Sending msg to client play-fork-run-201e7ff7-1196-4871-82f5-bf309f82f59b: TaskFinished(13,1073,Some(AttributeKey[sbt.UnresolvedWarningConfiguration]("unresolvedWarningConfiguration") in Scope(Build: file:/media/sf_phillsShared/play%20project/play-java/, , Project: ProjectReference(file:/media/sf_phillsShared/play%20project/play-java/,myProject), Task: AttributeKey[sbt.UpdateReport]("update"))),true,None)
Sending msg to client play-fork-run-201e7ff7-1196-4871-82f5-bf309f82f59b: TaskFinished(13,1127,None,true,None)
Sending msg to client play-fork-run-201e7ff7-1196-4871-82f5-bf309f82f59b: TaskFinished(13,1124,None,true,None)
Sending msg to client play-fork-run-201e7ff7-1196-4871-82f5-bf309f82f59b: TaskFinished(13,1126,None,true,None)
Sending msg to client play-fork-run-201e7ff7-1196-4871-82f5-bf309f82f59b: TaskFinished(13,1112,Some(AttributeKey[scala.collection.Seq[java.io.File]]("playMonitoredFiles") in Scope(Build: file:/media/sf_phillsShared/play%20project/play-java/, , Project: ProjectReference(file:/media/sf_phillsShared/play%20project/play-java/,myProject))),true,None)
Sending msg to client play-fork-run-201e7ff7-1196-4871-82f5-bf309f82f59b: TaskFinished(13,1121,Some(AttributeKey[scala.collection.Seq[sbt.Attributed[java.io.File]]]("unmanagedJars") in Scope(Build: file:/media/sf_phillsShared/play%20project/play-java/, , Project: ProjectReference(file:/media/sf_phillsShared/play%20project/play-java/,myProject), Config: compile)),true,None)
Sending msg to client play-fork-run-201e7ff7-1196-4871-82f5-bf309f82f59b: TaskStarted(13,1120,Some(AttributeKey[scala.collection.Seq[sbt.Attributed[java.io.File]]]("unmanagedJars") in Scope(Build: file:/media/sf_phillsShared/play%20project/play-java/, , Project: ProjectReference(file:/media/sf_phillsShared/play%20project/play-java/,myProject), Config: compile)))
Sending msg to client play-fork-run-201e7ff7-1196-4871-82f5-bf309f82f59b: TaskFinished(13,1120,Some(AttributeKey[scala.collection.Seq[sbt.Attributed[java.io.File]]]("unmanagedJars") in Scope(Build: file:/media/sf_phillsShared/play%20project/play-java/, , Project: ProjectReference(file:/media/sf_phillsShared/play%20project/play-java/,myProject), Config: compile)),true,None)
Sending msg to client play-fork-run-201e7ff7-1196-4871-82f5-bf309f82f59b: TaskStarted(13,1116,None)
Sending msg to client play-fork-run-201e7ff7-1196-4871-82f5-bf309f82f59b: TaskFinished(13,1116,None,true,None)
Sending msg to client play-fork-run-201e7ff7-1196-4871-82f5-bf309f82f59b: TaskStarted(13,1115,None)
Sending msg to client play-fork-run-201e7ff7-1196-4871-82f5-bf309f82f59b: TaskFinished(13,1115,None,true,None)
Sending msg to client play-fork-run-201e7ff7-1196-4871-82f5-bf309f82f59b: TaskFinished(13,1108,None,true,None)
Sending msg to client play-fork-run-201e7ff7-1196-4871-82f5-bf309f82f59b: TaskStarted(13,1107,Some(AttributeKey[scala.collection.Seq[sbt.Attributed[java.io.File]]]("unmanagedClasspath") in Scope(Build: file:/media/sf_phillsShared/play%20project/play-java/, , Project: ProjectReference(file:/media/sf_phillsShared/play%20project/play-java/,myProject), Config: runtime)))
Sending msg to client play-fork-run-201e7ff7-1196-4871-82f5-bf309f82f59b: TaskFinished(13,1107,Some(AttributeKey[scala.collection.Seq[sbt.Attributed[java.io.File]]]("unmanagedClasspath") in Scope(Build: file:/media/sf_phillsShared/play%20project/play-java/, , Project: ProjectReference(file:/media/sf_phillsShared/play%20project/play-java/,myProject), Config: runtime)),true,None)
Sending msg to client play-fork-run-201e7ff7-1196-4871-82f5-bf309f82f59b: TaskStarted(13,1129,None)
Sending msg to client play-fork-run-201e7ff7-1196-4871-82f5-bf309f82f59b: TaskFinished(13,1129,None,true,None)
Sending msg to client play-fork-run-201e7ff7-1196-4871-82f5-bf309f82f59b: TaskStarted(13,1128,None)
Sending msg to client play-fork-run-201e7ff7-1196-4871-82f5-bf309f82f59b: TaskFinished(13,1128,None,true,None)
Sending msg to client play-fork-run-201e7ff7-1196-4871-82f5-bf309f82f59b: TaskFinished(13,1083,Some(AttributeKey[scala.collection.immutable.Map[org.apache.ivy.core.module.id.ModuleRevisionId,org.apache.ivy.core.module.descriptor.ModuleDescriptor]]("projectDescriptors") in Scope(Build: file:/media/sf_phillsShared/play%20project/play-java/, , Project: ProjectReference(file:/media/sf_phillsShared/play%20project/play-java/,myProject))),true,None)
Sending msg to client play-fork-run-201e7ff7-1196-4871-82f5-bf309f82f59b: TaskStarted(13,1082,Some(AttributeKey[sbt.Resolver]("projectResolver") in Scope(Build: file:/media/sf_phillsShared/play%20project/play-java/, , Project: ProjectReference(file:/media/sf_phillsShared/play%20project/play-java/,myProject))))
Sending msg to client play-fork-run-201e7ff7-1196-4871-82f5-bf309f82f59b: TaskFinished(13,1082,Some(AttributeKey[sbt.Resolver]("projectResolver") in Scope(Build: file:/media/sf_phillsShared/play%20project/play-java/, , Project: ProjectReference(file:/media/sf_phillsShared/play%20project/play-java/,myProject))),true,None)
Sending msg to client play-fork-run-201e7ff7-1196-4871-82f5-bf309f82f59b: TaskStarted(13,1081,Some(AttributeKey[scala.collection.Seq[sbt.Resolver]]("fullResolvers") in Scope(Build: file:/media/sf_phillsShared/play%20project/play-java/, , Project: ProjectReference(file:/media/sf_phillsShared/play%20project/play-java/,myProject))))
Sending msg to client play-fork-run-201e7ff7-1196-4871-82f5-bf309f82f59b: TaskFinished(13,1081,Some(AttributeKey[scala.collection.Seq[sbt.Resolver]]("fullResolvers") in Scope(Build: file:/media/sf_phillsShared/play%20project/play-java/, , Project: ProjectReference(file:/media/sf_phillsShared/play%20project/play-java/,myProject))),true,None)
Sending msg to client play-fork-run-201e7ff7-1196-4871-82f5-bf309f82f59b: TaskStarted(13,1079,Some(AttributeKey[sbt.IvyConfiguration]("ivyConfiguration") in Scope(Build: file:/media/sf_phillsShared/play%20project/play-java/, , Project: ProjectReference(file:/media/sf_phillsShared/play%20project/play-java/,myProject))))
Sending msg to client play-fork-run-201e7ff7-1196-4871-82f5-bf309f82f59b: TaskFinished(13,1079,Some(AttributeKey[sbt.IvyConfiguration]("ivyConfiguration") in Scope(Build: file:/media/sf_phillsShared/play%20project/play-java/, , Project: ProjectReference(file:/media/sf_phillsShared/play%20project/play-java/,myProject))),true,None)
Sending msg to client play-fork-run-201e7ff7-1196-4871-82f5-bf309f82f59b: TaskStarted(13,1078,Some(AttributeKey[sbt.IvySbt]("ivySbt") in Scope(Build: file:/media/sf_phillsShared/play%20project/play-java/, , Project: ProjectReference(file:/media/sf_phillsShared/play%20project/play-java/,myProject))))
Sending msg to client play-fork-run-201e7ff7-1196-4871-82f5-bf309f82f59b: TaskFinished(13,1078,Some(AttributeKey[sbt.IvySbt]("ivySbt") in Scope(Build: file:/media/sf_phillsShared/play%20project/play-java/, , Project: ProjectReference(file:/media/sf_phillsShared/play%20project/play-java/,myProject))),true,None)
Sending msg to client play-fork-run-201e7ff7-1196-4871-82f5-bf309f82f59b: TaskStarted(13,1077,Some(AttributeKey[sbt.IvySbt$Module]("ivyModule") in Scope(Build: file:/media/sf_phillsShared/play%20project/play-java/, , Project: ProjectReference(file:/media/sf_phillsShared/play%20project/play-java/,myProject))))
Sending msg to client play-fork-run-201e7ff7-1196-4871-82f5-bf309f82f59b: TaskFinished(13,1077,Some(AttributeKey[sbt.IvySbt$Module]("ivyModule") in Scope(Build: file:/media/sf_phillsShared/play%20project/play-java/, , Project: ProjectReference(file:/media/sf_phillsShared/play%20project/play-java/,myProject))),true,None)
Sending msg to client play-fork-run-201e7ff7-1196-4871-82f5-bf309f82f59b: TaskStarted(13,1064,Some(AttributeKey[sbt.UpdateReport]("update") in Scope(Build: file:/media/sf_phillsShared/play%20project/play-java/, , Project: ProjectReference(file:/media/sf_phillsShared/play%20project/play-java/,myProject))))
Sending msg to client play-fork-run-201e7ff7-1196-4871-82f5-bf309f82f59b: TaskFinished(13,1064,Some(AttributeKey[sbt.UpdateReport]("update") in Scope(Build: file:/media/sf_phillsShared/play%20project/play-java/, , Project: ProjectReference(file:/media/sf_phillsShared/play%20project/play-java/,myProject))),true,None)
Sending msg to client play-fork-run-201e7ff7-1196-4871-82f5-bf309f82f59b: TaskStarted(13,1061,Some(AttributeKey[sbt.UpdateReport]("update") in Scope(Build: file:/media/sf_phillsShared/play%20project/play-java/, , Project: ProjectReference(file:/media/sf_phillsShared/play%20project/play-java/,myProject))))
Sending msg to client play-fork-run-201e7ff7-1196-4871-82f5-bf309f82f59b: TaskFinished(13,1061,Some(AttributeKey[sbt.UpdateReport]("update") in Scope(Build: file:/media/sf_phillsShared/play%20project/play-java/, , Project: ProjectReference(file:/media/sf_phillsShared/play%20project/play-java/,myProject))),true,None)
Sending msg to client play-fork-run-201e7ff7-1196-4871-82f5-bf309f82f59b: TaskStarted(13,1060,Some(AttributeKey[scala.collection.Seq[sbt.Attributed[java.io.File]]]("managedClasspath") in Scope(Build: file:/media/sf_phillsShared/play%20project/play-java/, , Project: ProjectReference(file:/media/sf_phillsShared/play%20project/play-java/,myProject), Config: docs)))
Sending msg to client play-fork-run-201e7ff7-1196-4871-82f5-bf309f82f59b: TaskStarted(13,1105,Some(AttributeKey[sbt.Configuration]("classpathConfiguration") in Scope(Build: file:/media/sf_phillsShared/play%20project/play-java/, , Project: ProjectReference(file:/media/sf_phillsShared/play%20project/play-java/,myProject), Config: compile)))
Sending msg to client play-fork-run-201e7ff7-1196-4871-82f5-bf309f82f59b: TaskFinished(13,1105,Some(AttributeKey[sbt.Configuration]("classpathConfiguration") in Scope(Build: file:/media/sf_phillsShared/play%20project/play-java/, , Project: ProjectReference(file:/media/sf_phillsShared/play%20project/play-java/,myProject), Config: compile)),true,None)
Sending msg to client play-fork-run-201e7ff7-1196-4871-82f5-bf309f82f59b: TaskStarted(13,1104,None)
Sending msg to client play-fork-run-201e7ff7-1196-4871-82f5-bf309f82f59b: TaskFinished(13,1104,None,true,None)
Sending msg to client play-fork-run-201e7ff7-1196-4871-82f5-bf309f82f59b: TaskStarted(13,1103,Some(AttributeKey[sbt.Configuration]("classpathConfiguration") in Scope(Build: file:/media/sf_phillsShared/play%20project/play-java/, , Project: ProjectReference(file:/media/sf_phillsShared/play%20project/play-java/,myProject), Config: runtime)))
Sending msg to client play-fork-run-201e7ff7-1196-4871-82f5-bf309f82f59b: TaskFinished(13,1103,Some(AttributeKey[sbt.Configuration]("classpathConfiguration") in Scope(Build: file:/media/sf_phillsShared/play%20project/play-java/, , Project: ProjectReference(file:/media/sf_phillsShared/play%20project/play-java/,myProject), Config: runtime)),true,None)
Sending msg to client play-fork-run-201e7ff7-1196-4871-82f5-bf309f82f59b: TaskStarted(13,1102,None)
Sending msg to client play-fork-run-201e7ff7-1196-4871-82f5-bf309f82f59b: TaskFinished(13,1102,None,true,None)
Sending msg to client play-fork-run-201e7ff7-1196-4871-82f5-bf309f82f59b: TaskStarted(13,1100,Some(AttributeKey[scala.collection.Seq[sbt.Attributed[java.io.File]]]("managedClasspath") in Scope(Build: file:/media/sf_phillsShared/play%20project/play-java/, , Project: ProjectReference(file:/media/sf_phillsShared/play%20project/play-java/,myProject), Config: runtime)))
Sending msg to client play-fork-run-201e7ff7-1196-4871-82f5-bf309f82f59b: TaskFinished(13,1060,Some(AttributeKey[scala.collection.Seq[sbt.Attributed[java.io.File]]]("managedClasspath") in Scope(Build: file:/media/sf_phillsShared/play%20project/play-java/, , Project: ProjectReference(file:/media/sf_phillsShared/play%20project/play-java/,myProject), Config: docs)),true,None)
Sending msg to client play-fork-run-201e7ff7-1196-4871-82f5-bf309f82f59b: TaskStarted(13,1059,Some(AttributeKey[scala.Option[java.io.File]]("playDocsJar") in Scope(Build: file:/media/sf_phillsShared/play%20project/play-java/, , Project: ProjectReference(file:/media/sf_phillsShared/play%20project/play-java/,myProject))))
Sending msg to client play-fork-run-201e7ff7-1196-4871-82f5-bf309f82f59b: TaskFinished(13,1059,Some(AttributeKey[scala.Option[java.io.File]]("playDocsJar") in Scope(Build: file:/media/sf_phillsShared/play%20project/play-java/, , Project: ProjectReference(file:/media/sf_phillsShared/play%20project/play-java/,myProject))),true,None)
Sending msg to client play-fork-run-201e7ff7-1196-4871-82f5-bf309f82f59b: TaskFinished(13,1100,Some(AttributeKey[scala.collection.Seq[sbt.Attributed[java.io.File]]]("managedClasspath") in Scope(Build: file:/media/sf_phillsShared/play%20project/play-java/, , Project: ProjectReference(file:/media/sf_phillsShared/play%20project/play-java/,myProject), Config: runtime)),true,None)
Sending msg to client play-fork-run-201e7ff7-1196-4871-82f5-bf309f82f59b: TaskStarted(13,1099,None)
Sending msg to client play-fork-run-201e7ff7-1196-4871-82f5-bf309f82f59b: TaskFinished(13,1099,None,true,None)
Sending msg to client play-fork-run-201e7ff7-1196-4871-82f5-bf309f82f59b: TaskStarted(13,1097,Some(AttributeKey[scala.collection.Seq[sbt.Attributed[java.io.File]]]("playDependencyClasspath") in Scope(Build: file:/media/sf_phillsShared/play%20project/play-java/, , Project: ProjectReference(file:/media/sf_phillsShared/play%20project/play-java/,myProject))))
Sending msg to client play-fork-run-201e7ff7-1196-4871-82f5-bf309f82f59b: TaskFinished(13,1097,Some(AttributeKey[scala.collection.Seq[sbt.Attributed[java.io.File]]]("playDependencyClasspath") in Scope(Build: file:/media/sf_phillsShared/play%20project/play-java/, , Project: ProjectReference(file:/media/sf_phillsShared/play%20project/play-java/,myProject))),true,None)
Sending msg to client play-fork-run-201e7ff7-1196-4871-82f5-bf309f82f59b: TaskStarted(13,1058,Some(AttributeKey[play.forkrun.protocol.ForkConfig]("playForkConfig") in Scope(Build: file:/media/sf_phillsShared/play%20project/play-java/, , Project: ProjectReference(file:/media/sf_phillsShared/play%20project/play-java/,myProject))))
Sending msg to client play-fork-run-201e7ff7-1196-4871-82f5-bf309f82f59b: TaskFinished(13,1058,Some(AttributeKey[play.forkrun.protocol.ForkConfig]("playForkConfig") in Scope(Build: file:/media/sf_phillsShared/play%20project/play-java/, , Project: ProjectReference(file:/media/sf_phillsShared/play%20project/play-java/,myProject))),true,None)
Sending msg to client play-fork-run-201e7ff7-1196-4871-82f5-bf309f82f59b: ValueChanged(AttributeKey[play.forkrun.protocol.ForkConfig]("playForkConfig") in Scope(Build: file:/media/sf_phillsShared/play%20project/play-java/, , Project: ProjectReference(file:/media/sf_phillsShared/play%20project/play-java/,myProject)),TaskSuccess(BuildValue(LazyValue(ForkConfig(/media/sf_phillsShared/play project/play-java,List(),List(/home/phillip/Desktop/act/activator-dist-1.3.12/repository/org.scala-lang/scala-library/2.11.7/jars/scala-library.jar, /home/phillip/Desktop/act/activator-dist-1.3.12/repository/com.typesafe.play/play-enhancer/1.1.0/jars/play-enhancer.jar, /home/phillip/Desktop/act/activator-dist-1.3.12/repository/com.typesafe.play/twirl-api_2.11/1.1.1/jars/twirl-api_2.11.jar, /home/phillip/Desktop/act/activator-dist-1.3.12/repository/org.apache.commons/commons-lang3/3.4/jars/commons-lang3.jar, /home/phillip/.ivy2/cache/org.scala-lang.modules/scala-xml_2.11/bundles/scala-xml_2.11-1.0.1.jar, /home/phillip/.ivy2/cache/com.typesafe.play/play-ebean_2.11/jars/play-ebean_2.11-3.0.0.jar, /home/phillip/.ivy2/cache/com.typesafe.play/play-java-jdbc_2.11/jars/play-java-jdbc_2.11-2.5.10.jar, /home/phillip/.ivy2/cache/com.typesafe.play/play-jdbc_2.11/jars/play-jdbc_2.11-2.5.10.jar, /home/phillip/.ivy2/cache/com.typesafe.play/play-jdbc-api_2.11/jars/play-jdbc-api_2.11-2.5.10.jar, /home/phillip/.ivy2/cache/com.typesafe.play/play_2.11/jars/play_2.11-2.5.10.jar, /home/phillip/.ivy2/cache/com.typesafe.play/build-link/jars/build-link-2.5.10.jar, /home/phillip/.ivy2/cache/com.typesafe.play/play-exceptions/jars/play-exceptions-2.5.10.jar, /home/phillip/.ivy2/cache/com.typesafe.play/play-iteratees_2.11/jars/play-iteratees_2.11-2.5.10.jar, /home/phillip/.ivy2/cache/org.scala-stm/scala-stm_2.11/jars/scala-stm_2.11-0.7.jar, /home/phillip/Desktop/act/activator-dist-1.3.12/repository/com.typesafe/config/1.3.0/bundles/config.jar, /home/phillip/.ivy2/cache/com.typesafe.play/play-json_2.11/jars/play-json_2.11-2.5.10.jar, /home/phillip/.ivy2/cache/com.typesafe.play/play-functional_2.11/jars/play-functional_2.11-2.5.10.jar, /home/phillip/.ivy2/cache/com.typesafe.play/play-datacommons_2.11/jars/play-datacommons_2.11-2.5.10.jar, /home/phillip/.ivy2/cache/joda-time/joda-time/jars/joda-time-2.9.6.jar, /home/phillip/Desktop/act/activator-dist-1.3.12/repository/org.joda/joda-convert/1.8.1/jars/joda-convert.jar, /home/phillip/Desktop/act/activator-dist-1.3.12/repository/org.scala-lang/scala-reflect/2.11.7/jars/scala-reflect.jar, /home/phillip/.ivy2/cache/com.fasterxml.jackson.core/jackson-core/bundles/jackson-core-2.7.8.jar, /home/phillip/.ivy2/cache/com.fasterxml.jackson.core/jackson-annotations/bundles/jackson-annotations-2.7.8.jar, /home/phillip/.ivy2/cache/com.fasterxml.jackson.core/jackson-databind/bundles/jackson-databind-2.7.8.jar, /home/phillip/.ivy2/cache/com.fasterxml.jackson.datatype/jackson-datatype-jdk8/bundles/jackson-datatype-jdk8-2.7.8.jar, /home/phillip/.ivy2/cache/com.fasterxml.jackson.datatype/jackson-datatype-jsr310/bundles/jackson-datatype-jsr310-2.7.8.jar, /home/phillip/.ivy2/cache/com.typesafe.play/play-netty-utils/jars/play-netty-utils-2.5.10.jar, /home/phillip/Desktop/act/activator-dist-1.3.12/repository/org.slf4j/slf4j-api/1.7.21/jars/slf4j-api.jar, /home/phillip/Desktop/act/activator-dist-1.3.12/repository/org.slf4j/jul-to-slf4j/1.7.21/jars/jul-to-slf4j.jar, /home/phillip/Desktop/act/activator-dist-1.3.12/repository/org.slf4j/jcl-over-slf4j/1.7.21/jars/jcl-over-slf4j.jar, /home/phillip/.ivy2/cache/com.typesafe.play/play-streams_2.11/jars/play-streams_2.11-2.5.10.jar, /home/phillip/Desktop/act/activator-dist-1.3.12/repository/org.reactivestreams/reactive-streams/1.0.0/jars/reactive-streams.jar, /home/phillip/.ivy2/cache/com.typesafe.akka/akka-stream_2.11/jars/akka-stream_2.11-2.4.12.jar, /home/phillip/.ivy2/cache/com.typesafe.akka/akka-actor_2.11/jars/akka-actor_2.11-2.4.12.jar, /home/phillip/Desktop/act/activator-dist-1.3.12/repository/org.scala-lang.modules/scala-java8-compat_2.11/0.7.0/bundles/scala-java8-compat_2.11.jar, /home/phillip/Desktop/act/activator-dist-1.3.12/repository/com.typesafe/ssl-config-core_2.11/0.2.1/bundles/ssl-config-core_2.11.jar, /home/phillip/.ivy2/cache/org.scala-lang.modules/scala-parser-combinators_2.11/bundles/scala-parser-combinators_2.11-1.0.4.jar, /home/phillip/.ivy2/cache/com.typesafe.akka/akka-slf4j_2.11/jars/akka-slf4j_2.11-2.4.12.jar, /home/phillip/Desktop/act/activator-dist-1.3.12/repository/commons-codec/commons-codec/1.10/jars/commons-codec.jar, /home/phillip/.ivy2/cache/xerces/xercesImpl/jars/xercesImpl-2.11.0.jar, /home/phillip/.ivy2/cache/xml-apis/xml-apis/jars/xml-apis-1.4.01.jar, /home/phillip/.ivy2/cache/javax.transaction/jta/jars/jta-1.1.jar, /home/phillip/Desktop/act/activator-dist-1.3.12/repository/com.google.inject/guice/4.0/jars/guice.jar, /home/phillip/Desktop/act/activator-dist-1.3.12/repository/javax.inject/javax.inject/1/jars/javax.inject.jar, /home/phillip/Desktop/act/activator-dist-1.3.12/repository/aopalliance/aopalliance/1.0/jars/aopalliance.jar, /home/phillip/Desktop/act/activator-dist-1.3.12/repository/com.google.inject.extensions/guice-assistedinject/4.0/jars/guice-assistedinject.jar, /home/phillip/Desktop/act/activator-dist-1.3.12/repository/com.jolbox/bonecp/0.8.0.RELEASE/bundles/bonecp.jar, /home/phillip/Desktop/act/activator-dist-1.3.12/repository/com.zaxxer/HikariCP/2.5.1/bundles/HikariCP.jar, /home/phillip/Desktop/act/activator-dist-1.3.12/repository/com.googlecode.usc/jdbcdslog/1.0.6.2/jars/jdbcdslog.jar, /home/phillip/Desktop/act/activator-dist-1.3.12/repository/com.h2database/h2/1.4.192/jars/h2.jar, /home/phillip/Desktop/act/activator-dist-1.3.12/repository/tyrex/tyrex/1.0.1/jars/tyrex.jar, /home/phillip/.ivy2/cache/com.typesafe.play/play-java_2.11/jars/play-java_2.11-2.5.10.jar, /home/phillip/Desktop/act/activator-dist-1.3.12/repository/org.yaml/snakeyaml/1.16/bundles/snakeyaml.jar, /home/phillip/Desktop/act/activator-dist-1.3.12/repository/org.hibernate/hibernate-validator/5.2.4.Final/jars/hibernate-validator.jar, /home/phillip/Desktop/act/activator-dist-1.3.12/repository/javax.validation/validation-api/1.1.0.Final/jars/validation-api.jar, /home/phillip/Desktop/act/activator-dist-1.3.12/repository/org.jboss.logging/jboss-logging/3.2.1.Final/jars/jboss-logging.jar, /home/phillip/Desktop/act/activator-dist-1.3.12/repository/com.fasterxml/classmate/1.1.0/bundles/classmate.jar, /home/phillip/Desktop/act/activator-dist-1.3.12/repository/javax.el/javax.el-api/3.0.0/jars/javax.el-api.jar, /home/phillip/Desktop/act/activator-dist-1.3.12/repository/org.springframework/spring-context/4.2.7.RELEASE/jars/spring-context.jar, /home/phillip/Desktop/act/activator-dist-1.3.12/repository/org.springframework/spring-core/4.2.7.RELEASE/jars/spring-core.jar, /home/phillip/Desktop/act/activator-dist-1.3.12/repository/org.springframework/spring-beans/4.2.7.RELEASE/jars/spring-beans.jar, /home/phillip/Desktop/act/activator-dist-1.3.12/repository/org.reflections/reflections/0.9.10/jars/reflections.jar, /home/phillip/Desktop/act/activator-dist-1.3.12/repository/com.google.guava/guava/19.0/bundles/guava.jar, /home/phillip/Desktop/act/activator-dist-1.3.12/repository/net.jodah/typetools/0.4.4/bundles/typetools.jar, /home/phillip/Desktop/act/activator-dist-1.3.12/repository/com.google.code.findbugs/jsr305/3.0.1/jars/jsr305.jar, /home/phillip/Desktop/act/activator-dist-1.3.12/repository/org.apache.tomcat/tomcat-servlet-api/8.0.33/jars/tomcat-servlet-api.jar, /home/phillip/.ivy2/cache/com.typesafe.play/play-jdbc-evolutions_2.11/jars/play-jdbc-evolutions_2.11-2.5.0.jar, /home/phillip/.ivy2/cache/org.avaje.ebeanorm/avaje-ebeanorm/jars/avaje-ebeanorm-6.18.1.jar, /home/phillip/.ivy2/cache/org.jetbrains/annotations/jars/annotations-13.0.jar, /home/phillip/.ivy2/cache/javax.persistence/persistence-api/jars/persistence-api-1.0.jar, /home/phillip/.ivy2/cache/org.avaje.ebeanorm/avaje-ebeanorm-agent/jars/avaje-ebeanorm-agent-4.9.1.jar, /home/phillip/.ivy2/cache/com.typesafe.play/play-server_2.11/jars/play-server_2.11-2.5.10.jar, /home/phillip/.ivy2/cache/com.typesafe.play/play-netty-server_2.11/jars/play-netty-server_2.11-2.5.10.jar, /home/phillip/Desktop/act/activator-dist-1.3.12/repository/com.typesafe.netty/netty-reactive-streams-http/1.0.8/jars/netty-reactive-streams-http.jar, /home/phillip/Desktop/act/activator-dist-1.3.12/repository/com.typesafe.netty/netty-reactive-streams/1.0.8/jars/netty-reactive-streams.jar, /home/phillip/Desktop/act/activator-dist-1.3.12/repository/io.netty/netty-handler/4.0.41.Final/jars/netty-handler.jar, /home/phillip/Desktop/act/activator-dist-1.3.12/repository/io.netty/netty-buffer/4.0.41.Final/jars/netty-buffer.jar, /home/phillip/Desktop/act/activator-dist-1.3.12/repository/io.netty/netty-common/4.0.41.Final/jars/netty-common.jar, /home/phillip/Desktop/act/activator-dist-1.3.12/repository/io.netty/netty-transport/4.0.41.Final/jars/netty-transport.jar, /home/phillip/Desktop/act/activator-dist-1.3.12/repository/io.netty/netty-codec/4.0.41.Final/jars/netty-codec.jar, /home/phillip/Desktop/act/activator-dist-1.3.12/repository/io.netty/netty-codec-http/4.0.41.Final/jars/netty-codec-http.jar, /home/phillip/Desktop/act/activator-dist-1.3.12/repository/io.netty/netty-transport-native-epoll/4.0.41.Final/jars/netty-transport-native-epoll-linux-x86_64.jar, /home/phillip/.ivy2/cache/com.typesafe.play/play-logback_2.11/jars/play-logback_2.11-2.5.10.jar, /home/phillip/Desktop/act/activator-dist-1.3.12/repository/ch.qos.logback/logback-classic/1.1.7/jars/logback-classic.jar, /home/phillip/Desktop/act/activator-dist-1.3.12/repository/ch.qos.logback/logback-core/1.1.7/jars/logback-core.jar, /home/phillip/.ivy2/cache/com.typesafe.play/play-cache_2.11/jars/play-cache_2.11-2.5.10.jar, /home/phillip/Desktop/act/activator-dist-1.3.12/repository/net.sf.ehcache/ehcache-core/2.6.11/jars/ehcache-core.jar, /home/phillip/.ivy2/cache/com.typesafe.play/play-java-ws_2.11/jars/play-java-ws_2.11-2.5.10.jar, /home/phillip/.ivy2/cache/com.typesafe.play/play-ws_2.11/jars/play-ws_2.11-2.5.10.jar, /home/phillip/Desktop/act/activator-dist-1.3.12/repository/org.asynchttpclient/async-http-client/2.0.11/jars/async-http-client.jar, /home/phillip/Desktop/act/activator-dist-1.3.12/repository/org.asynchttpclient/netty-resolver-dns/2.0.11/jars/netty-resolver-dns.jar, /home/phillip/Desktop/act/activator-dist-1.3.12/repository/org.asynchttpclient/netty-resolver/2.0.11/jars/netty-resolver.jar, /home/phillip/Desktop/act/activator-dist-1.3.12/repository/org.asynchttpclient/netty-codec-dns/2.0.11/jars/netty-codec-dns.jar, /home/phillip/Desktop/act/activator-dist-1.3.12/repository/org.javassist/javassist/3.20.0-GA/bundles/javassist.jar, /home/phillip/.ivy2/cache/oauth.signpost/signpost-core/jars/signpost-core-1.2.1.2.jar, /home/phillip/.ivy2/cache/oauth.signpost/signpost-commonshttp4/jars/signpost-commonshttp4-1.2.1.2.jar, /home/phillip/Desktop/act/activator-dist-1.3.12/repository/org.apache.httpcomponents/httpcore/4.0.1/jars/httpcore.jar, /home/phillip/Desktop/act/activator-dist-1.3.12/repository/org.apache.httpcomponents/httpclient/4.0.1/jars/httpclient.jar, /home/phillip/.ivy2/cache/commons-logging/commons-logging/jars/commons-logging-1.1.1.jar),List((public/,/media/sf_phillsShared/play project/play-java/target/web/public/main)),List(/home/phillip/.ivy2/cache/com.typesafe.play/play-omnidoc_2.11/jars/play-omnidoc_2.11-2.5.10.jar, /home/phillip/Desktop/act/activator-dist-1.3.12/repository/org.scala-lang/scala-library/2.11.7/jars/scala-library.jar, /home/phillip/.ivy2/cache/com.typesafe.play/play-docs_2.11/jars/play-docs_2.11-2.5.10.jar, /home/phillip/.ivy2/cache/com.typesafe.play/play-netty-server_2.11/jars/play-netty-server_2.11-2.5.10.jar, /home/phillip/.ivy2/cache/com.typesafe.play/play-server_2.11/jars/play-server_2.11-2.5.10.jar, /home/phillip/.ivy2/cache/com.typesafe.play/play_2.11/jars/play_2.11-2.5.10.jar, /home/phillip/.ivy2/cache/com.typesafe.play/build-link/jars/build-link-2.5.10.jar, /home/phillip/.ivy2/cache/com.typesafe.play/play-exceptions/jars/play-exceptions-2.5.10.jar, /home/phillip/.ivy2/cache/com.typesafe.play/play-iteratees_2.11/jars/play-iteratees_2.11-2.5.10.jar, /home/phillip/.ivy2/cache/org.scala-stm/scala-stm_2.11/jars/scala-stm_2.11-0.7.jar, /home/phillip/Desktop/act/activator-dist-1.3.12/repository/com.typesafe/config/1.3.0/bundles/config.jar, /home/phillip/.ivy2/cache/com.typesafe.play/play-json_2.11/jars/play-json_2.11-2.5.10.jar, /home/phillip/.ivy2/cache/com.typesafe.play/play-functional_2.11/jars/play-functional_2.11-2.5.10.jar, /home/phillip/.ivy2/cache/com.typesafe.play/play-datacommons_2.11/jars/play-datacommons_2.11-2.5.10.jar, /home/phillip/.ivy2/cache/joda-time/joda-time/jars/joda-time-2.9.6.jar, /home/phillip/Desktop/act/activator-dist-1.3.12/repository/org.joda/joda-convert/1.8.1/jars/joda-convert.jar, /home/phillip/Desktop/act/activator-dist-1.3.12/repository/org.scala-lang/scala-reflect/2.11.7/jars/scala-reflect.jar, /home/phillip/.ivy2/cache/com.fasterxml.jackson.core/jackson-core/bundles/jackson-core-2.7.8.jar, /home/phillip/.ivy2/cache/com.fasterxml.jackson.core/jackson-annotations/bundles/jackson-annotations-2.7.8.jar, /home/phillip/.ivy2/cache/com.fasterxml.jackson.core/jackson-databind/bundles/jackson-databind-2.7.8.jar, /home/phillip/.ivy2/cache/com.fasterxml.jackson.datatype/jackson-datatype-jdk8/bundles/jackson-datatype-jdk8-2.7.8.jar, /home/phillip/.ivy2/cache/com.fasterxml.jackson.datatype/jackson-datatype-jsr310/bundles/jackson-datatype-jsr310-2.7.8.jar, /home/phillip/.ivy2/cache/com.typesafe.play/play-netty-utils/jars/play-netty-utils-2.5.10.jar, /home/phillip/Desktop/act/activator-dist-1.3.12/repository/org.slf4j/slf4j-api/1.7.21/jars/slf4j-api.jar, /home/phillip/Desktop/act/activator-dist-1.3.12/repository/org.slf4j/jul-to-slf4j/1.7.21/jars/jul-to-slf4j.jar, /home/phillip/Desktop/act/activator-dist-1.3.12/repository/org.slf4j/jcl-over-slf4j/1.7.21/jars/jcl-over-slf4j.jar, /home/phillip/.ivy2/cache/com.typesafe.play/play-streams_2.11/jars/play-streams_2.11-2.5.10.jar, /home/phillip/Desktop/act/activator-dist-1.3.12/repository/org.reactivestreams/reactive-streams/1.0.0/jars/reactive-streams.jar, /home/phillip/.ivy2/cache/com.typesafe.akka/akka-stream_2.11/jars/akka-stream_2.11-2.4.12.jar, /home/phillip/.ivy2/cache/com.typesafe.akka/akka-actor_2.11/jars/akka-actor_2.11-2.4.12.jar, /home/phillip/Desktop/act/activator-dist-1.3.12/repository/org.scala-lang.modules/scala-java8-compat_2.11/0.7.0/bundles/scala-java8-compat_2.11.jar, /home/phillip/Desktop/act/activator-dist-1.3.12/repository/com.typesafe/ssl-config-core_2.11/0.2.1/bundles/ssl-config-core_2.11.jar, /home/phillip/.ivy2/cache/org.scala-lang.modules/scala-parser-combinators_2.11/bundles/scala-parser-combinators_2.11-1.0.4.jar, /home/phillip/Desktop/act/activator-dist-1.3.12/repository/com.typesafe.play/twirl-api_2.11/1.1.1/jars/twirl-api_2.11.jar, /home/phillip/Desktop/act/activator-dist-1.3.12/repository/org.apache.commons/commons-lang3/3.4/jars/commons-lang3.jar, /home/phillip/.ivy2/cache/org.scala-lang.modules/scala-xml_2.11/bundles/scala-xml_2.11-1.0.1.jar, /home/phillip/.ivy2/cache/com.typesafe.akka/akka-slf4j_2.11/jars/akka-slf4j_2.11-2.4.12.jar, /home/phillip/Desktop/act/activator-dist-1.3.12/repository/commons-codec/commons-codec/1.10/jars/commons-codec.jar, /home/phillip/.ivy2/cache/xerces/xercesImpl/jars/xercesImpl-2.11.0.jar, /home/phillip/.ivy2/cache/xml-apis/xml-apis/jars/xml-apis-1.4.01.jar, /home/phillip/.ivy2/cache/javax.transaction/jta/jars/jta-1.1.jar, /home/phillip/Desktop/act/activator-dist-1.3.12/repository/com.google.inject/guice/4.0/jars/guice.jar, /home/phillip/Desktop/act/activator-dist-1.3.12/repository/javax.inject/javax.inject/1/jars/javax.inject.jar, /home/phillip/Desktop/act/activator-dist-1.3.12/repository/aopalliance/aopalliance/1.0/jars/aopalliance.jar, /home/phillip/.ivy2/cache/com.google.guava/guava/bundles/guava-16.0.1.jar, /home/phillip/Desktop/act/activator-dist-1.3.12/repository/com.google.inject.extensions/guice-assistedinject/4.0/jars/guice-assistedinject.jar, /home/phillip/Desktop/act/activator-dist-1.3.12/repository/com.typesafe.netty/netty-reactive-streams-http/1.0.8/jars/netty-reactive-streams-http.jar, /home/phillip/Desktop/act/activator-dist-1.3.12/repository/com.typesafe.netty/netty-reactive-streams/1.0.8/jars/netty-reactive-streams.jar, /home/phillip/Desktop/act/activator-dist-1.3.12/repository/io.netty/netty-handler/4.0.41.Final/jars/netty-handler.jar, /home/phillip/Desktop/act/activator-dist-1.3.12/repository/io.netty/netty-buffer/4.0.41.Final/jars/netty-buffer.jar, /home/phillip/Desktop/act/activator-dist-1.3.12/repository/io.netty/netty-common/4.0.41.Final/jars/netty-common.jar, /home/phillip/Desktop/act/activator-dist-1.3.12/repository/io.netty/netty-transport/4.0.41.Final/jars/netty-transport.jar, /home/phillip/Desktop/act/activator-dist-1.3.12/repository/io.netty/netty-codec/4.0.41.Final/jars/netty-codec.jar, /home/phillip/Desktop/act/activator-dist-1.3.12/repository/io.netty/netty-codec-http/4.0.41.Final/jars/netty-codec-http.jar, /home/phillip/Desktop/act/activator-dist-1.3.12/repository/io.netty/netty-transport-native-epoll/4.0.41.Final/jars/netty-transport-native-epoll-linux-x86_64.jar, /home/phillip/Desktop/act/activator-dist-1.3.12/repository/com.typesafe.play/play-doc_2.11/1.2.2/jars/play-doc_2.11.jar, /home/phillip/Desktop/act/activator-dist-1.3.12/repository/org.pegdown/pegdown/1.4.0/jars/pegdown.jar, /home/phillip/Desktop/act/activator-dist-1.3.12/repository/org.parboiled/parboiled-java/1.1.5/bundles/parboiled-java.jar, /home/phillip/Desktop/act/activator-dist-1.3.12/repository/org.parboiled/parboiled-core/1.1.5/bundles/parboiled-core.jar, /home/phillip/Desktop/act/activator-dist-1.3.12/repository/org.ow2.asm/asm/4.1/jars/asm.jar, /home/phillip/Desktop/act/activator-dist-1.3.12/repository/org.ow2.asm/asm-tree/4.1/jars/asm-tree.jar, /home/phillip/Desktop/act/activator-dist-1.3.12/repository/org.ow2.asm/asm-analysis/4.1/jars/asm-analysis.jar, /home/phillip/Desktop/act/activator-dist-1.3.12/repository/org.ow2.asm/asm-util/4.1/jars/asm-util.jar, /home/phillip/Desktop/act/activator-dist-1.3.12/repository/commons-io/commons-io/2.4/jars/commons-io.jar),Some(/home/phillip/.ivy2/cache/com.typesafe.play/play-omnidoc_2.11/jars/play-omnidoc_2.11-2.5.10.jar),List(),9000,0.0.0.0,DefaultWatchService,List(/media/sf_phillsShared/play project/play-java/public, /media/sf_phillsShared/play project/play-java/conf, /media/sf_phillsShared/play project/play-java/app),/media/sf_phillsShared/play project/play-java/target,500,myProject/playForkNotifyStart,myProject/playForkReload,300000,play.core.server.DevServerStart),scala.pickling.PicklerUnpickler$DelegatingPicklerUnpickler@1bcab618),ForkConfig(/media/sf_phillsShared/play project/play-java,List(),List(/home/phillip/Desktop/act/activator-dist-1.3.12/repository/org.scala-lang/scala-library/2.11.7/jars/scala-library.jar, /home/phillip/Desktop/act/activator-dist-1.3.12/repository/com.typesafe.play/play-enhancer/1.1.0/jars/play-enhancer.jar, /home/phillip/Desktop/act/activator-dist-1.3.12/repository/com.typesafe.play/twirl-api_2.11/1.1.1/jars/twirl-api_2.11.jar, /home/phillip/Desktop/act/activator-dist-1.3.12/repository/org.apache.commons/commons-lang3/3.4/jars/commons-lang3.jar, /home/phillip/.ivy2/cache/org.scala-lang.modules/scala-xml_2.11/bundles/scala-xml_2.11-1.0.1.jar, /home/phillip/.ivy2/cache/com.typesafe.play/play-ebean_2.11/jars/play-ebean_2.11-3.0.0.jar, /home/phillip/.ivy2/cache/com.typesafe.play/play-java-jdbc_2.11/jars/play-java-jdbc_2.11-2.5.10.jar, /home/phillip/.ivy2/cache/com.typesafe.play/play-jdbc_2.11/jars/play-jdbc_2.11-2.5.10.jar, /home/phillip/.ivy2/cache/com.typesafe.play/play-jdbc-api_2.11/jars/play-jdbc-api_2.11-2.5.10.jar, /home/phillip/.ivy2/cache/com.typesafe.play/play_2.11/jars/play_2.11-2.5.10.jar, /home/phillip/.ivy2/cache/com.typesafe.play/build-link/jars/build-link-2.5.10.jar, /home/phillip/.ivy2/cache/com.typesafe.play/play-exceptions/jars/play-exceptions-2.5.10.jar, /home/phillip/.ivy2/cache/com.typesafe.play/play-iteratees_2.11/jars/play-iteratees_2.11-2.5.10.jar, /home/phillip/.ivy2/cache/org.scala-stm/scala-stm_2.11/jars/scala-stm_2.11-0.7.jar, /home/phillip/Desktop/act/activator-dist-1.3.12/repository/com.typesafe/config/1.3.0/bundles/config.jar, /home/phillip/.ivy2/cache/com.typesafe.play/play-json_2.11/jars/play-json_2.11-2.5.10.jar, /home/phillip/.ivy2/cache/com.typesafe.play/play-functional_2.11/jars/play-functional_2.11-2.5.10.jar, /home/phillip/.ivy2/cache/com.typesafe.play/play-datacommons_2.11/jars/play-datacommons_2.11-2.5.10.jar, /home/phillip/.ivy2/cache/joda-time/joda-time/jars/joda-time-2.9.6.jar, /home/phillip/Desktop/act/activator-dist-1.3.12/repository/org.joda/joda-convert/1.8.1/jars/joda-convert.jar, /home/phillip/Desktop/act/activator-dist-1.3.12/repository/org.scala-lang/scala-reflect/2.11.7/jars/scala-reflect.jar, /home/phillip/.ivy2/cache/com.fasterxml.jackson.core/jackson-core/bundles/jackson-core-2.7.8.jar, /home/phillip/.ivy2/cache/com.fasterxml.jackson.core/jackson-annotations/bundles/jackson-annotations-2.7.8.jar, /home/phillip/.ivy2/cache/com.fasterxml.jackson.core/jackson-databind/bundles/jackson-databind-2.7.8.jar, /home/phillip/.ivy2/cache/com.fasterxml.jackson.datatype/jackson-datatype-jdk8/bundles/jackson-datatype-jdk8-2.7.8.jar, /home/phillip/.ivy2/cache/com.fasterxml.jackson.datatype/jackson-datatype-jsr310/bundles/jackson-datatype-jsr310-2.7.8.jar, /home/phillip/.ivy2/cache/com.typesafe.play/play-netty-utils/jars/play-netty-utils-2.5.10.jar, /home/phillip/Desktop/act/activator-dist-1.3.12/repository/org.slf4j/slf4j-api/1.7.21/jars/slf4j-api.jar, /home/phillip/Desktop/act/activator-dist-1.3.12/repository/org.slf4j/jul-to-slf4j/1.7.21/jars/jul-to-slf4j.jar, /home/phillip/Desktop/act/activator-dist-1.3.12/repository/org.slf4j/jcl-over-slf4j/1.7.21/jars/jcl-over-slf4j.jar, /home/phillip/.ivy2/cache/com.typesafe.play/play-streams_2.11/jars/play-streams_2.11-2.5.10.jar, /home/phillip/Desktop/act/activator-dist-1.3.12/repository/org.reactivestreams/reactive-streams/1.0.0/jars/reactive-streams.jar, /home/phillip/.ivy2/cache/com.typesafe.akka/akka-stream_2.11/jars/akka-stream_2.11-2.4.12.jar, /home/phillip/.ivy2/cache/com.typesafe.akka/akka-actor_2.11/jars/akka-actor_2.11-2.4.12.jar, /home/phillip/Desktop/act/activator-dist-1.3.12/repository/org.scala-lang.modules/scala-java8-compat_2.11/0.7.0/bundles/scala-java8-compat_2.11.jar, /home/phillip/Desktop/act/activator-dist-1.3.12/repository/com.typesafe/ssl-config-core_2.11/0.2.1/bundles/ssl-config-core_2.11.jar, /home/phillip/.ivy2/cache/org.scala-lang.modules/scala-parser-combinators_2.11/bundles/scala-parser-combinators_2.11-1.0.4.jar, /home/phillip/.ivy2/cache/com.typesafe.akka/akka-slf4j_2.11/jars/akka-slf4j_2.11-2.4.12.jar, /home/phillip/Desktop/act/activator-dist-1.3.12/repository/commons-codec/commons-codec/1.10/jars/commons-codec.jar, /home/phillip/.ivy2/cache/xerces/xercesImpl/jars/xercesImpl-2.11.0.jar, /home/phillip/.ivy2/cache/xml-apis/xml-apis/jars/xml-apis-1.4.01.jar, /home/phillip/.ivy2/cache/javax.transaction/jta/jars/jta-1.1.jar, /home/phillip/Desktop/act/activator-dist-1.3.12/repository/com.google.inject/guice/4.0/jars/guice.jar, /home/phillip/Desktop/act/activator-dist-1.3.12/repository/javax.inject/javax.inject/1/jars/javax.inject.jar, /home/phillip/Desktop/act/activator-dist-1.3.12/repository/aopalliance/aopalliance/1.0/jars/aopalliance.jar, /home/phillip/Desktop/act/activator-dist-1.3.12/repository/com.google.inject.extensions/guice-assistedinject/4.0/jars/guice-assistedinject.jar, /home/phillip/Desktop/act/activator-dist-1.3.12/repository/com.jolbox/bonecp/0.8.0.RELEASE/bundles/bonecp.jar, /home/phillip/Desktop/act/activator-dist-1.3.12/repository/com.zaxxer/HikariCP/2.5.1/bundles/HikariCP.jar, /home/phillip/Desktop/act/activator-dist-1.3.12/repository/com.googlecode.usc/jdbcdslog/1.0.6.2/jars/jdbcdslog.jar, /home/phillip/Desktop/act/activator-dist-1.3.12/repository/com.h2database/h2/1.4.192/jars/h2.jar, /home/phillip/Desktop/act/activator-dist-1.3.12/repository/tyrex/tyrex/1.0.1/jars/tyrex.jar, /home/phillip/.ivy2/cache/com.typesafe.play/play-java_2.11/jars/play-java_2.11-2.5.10.jar, /home/phillip/Desktop/act/activator-dist-1.3.12/repository/org.yaml/snakeyaml/1.16/bundles/snakeyaml.jar, /home/phillip/Desktop/act/activator-dist-1.3.12/repository/org.hibernate/hibernate-validator/5.2.4.Final/jars/hibernate-validator.jar, /home/phillip/Desktop/act/activator-dist-1.3.12/repository/javax.validation/validation-api/1.1.0.Final/jars/validation-api.jar, /home/phillip/Desktop/act/activator-dist-1.3.12/repository/org.jboss.logging/jboss-logging/3.2.1.Final/jars/jboss-logging.jar, /home/phillip/Desktop/act/activator-dist-1.3.12/repository/com.fasterxml/classmate/1.1.0/bundles/classmate.jar, /home/phillip/Desktop/act/activator-dist-1.3.12/repository/javax.el/javax.el-api/3.0.0/jars/javax.el-api.jar, /home/phillip/Desktop/act/activator-dist-1.3.12/repository/org.springframework/spring-context/4.2.7.RELEASE/jars/spring-context.jar, /home/phillip/Desktop/act/activator-dist-1.3.12/repository/org.springframework/spring-core/4.2.7.RELEASE/jars/spring-core.jar, /home/phillip/Desktop/act/activator-dist-1.3.12/repository/org.springframework/spring-beans/4.2.7.RELEASE/jars/spring-beans.jar, /home/phillip/Desktop/act/activator-dist-1.3.12/repository/org.reflections/reflections/0.9.10/jars/reflections.jar, /home/phillip/Desktop/act/activator-dist-1.3.12/repository/com.google.guava/guava/19.0/bundles/guava.jar, /home/phillip/Desktop/act/activator-dist-1.3.12/repository/net.jodah/typetools/0.4.4/bundles/typetools.jar, /home/phillip/Desktop/act/activator-dist-1.3.12/repository/com.google.code.findbugs/jsr305/3.0.1/jars/jsr305.jar, /home/phillip/Desktop/act/activator-dist-1.3.12/repository/org.apache.tomcat/tomcat-servlet-api/8.0.33/jars/tomcat-servlet-api.jar, /home/phillip/.ivy2/cache/com.typesafe.play/play-jdbc-evolutions_2.11/jars/play-jdbc-evolutions_2.11-2.5.0.jar, /home/phillip/.ivy2/cache/org.avaje.ebeanorm/avaje-ebeanorm/jars/avaje-ebeanorm-6.18.1.jar, /home/phillip/.ivy2/cache/org.jetbrains/annotations/jars/annotations-13.0.jar, /home/phillip/.ivy2/cache/javax.persistence/persistence-api/jars/persistence-api-1.0.jar, /home/phillip/.ivy2/cache/org.avaje.ebeanorm/avaje-ebeanorm-agent/jars/avaje-ebeanorm-agent-4.9.1.jar, /home/phillip/.ivy2/cache/com.typesafe.play/play-server_2.11/jars/play-server_2.11-2.5.10.jar, /home/phillip/.ivy2/cache/com.typesafe.play/play-netty-server_2.11/jars/play-netty-server_2.11-2.5.10.jar, /home/phillip/Desktop/act/activator-dist-1.3.12/repository/com.typesafe.netty/netty-reactive-streams-http/1.0.8/jars/netty-reactive-streams-http.jar, /home/phillip/Desktop/act/activator-dist-1.3.12/repository/com.typesafe.netty/netty-reactive-streams/1.0.8/jars/netty-reactive-streams.jar, /home/phillip/Desktop/act/activator-dist-1.3.12/repository/io.netty/netty-handler/4.0.41.Final/jars/netty-handler.jar, /home/phillip/Desktop/act/activator-dist-1.3.12/repository/io.netty/netty-buffer/4.0.41.Final/jars/netty-buffer.jar, /home/phillip/Desktop/act/activator-dist-1.3.12/repository/io.netty/netty-common/4.0.41.Final/jars/netty-common.jar, /home/phillip/Desktop/act/activator-dist-1.3.12/repository/io.netty/netty-transport/4.0.41.Final/jars/netty-transport.jar, /home/phillip/Desktop/act/activator-dist-1.3.12/repository/io.netty/netty-codec/4.0.41.Final/jars/netty-codec.jar, /home/phillip/Desktop/act/activator-dist-1.3.12/repository/io.netty/netty-codec-http/4.0.41.Final/jars/netty-codec-http.jar, /home/phillip/Desktop/act/activator-dist-1.3.12/repository/io.netty/netty-transport-native-epoll/4.0.41.Final/jars/netty-transport-native-epoll-linux-x86_64.jar, /home/phillip/.ivy2/cache/com.typesafe.play/play-logback_2.11/jars/play-logback_2.11-2.5.10.jar, /home/phillip/Desktop/act/activator-dist-1.3.12/repository/ch.qos.logback/logback-classic/1.1.7/jars/logback-classic.jar, /home/phillip/Desktop/act/activator-dist-1.3.12/repository/ch.qos.logback/logback-core/1.1.7/jars/logback-core.jar, /home/phillip/.ivy2/cache/com.typesafe.play/play-cache_2.11/jars/play-cache_2.11-2.5.10.jar, /home/phillip/Desktop/act/activator-dist-1.3.12/repository/net.sf.ehcache/ehcache-core/2.6.11/jars/ehcache-core.jar, /home/phillip/.ivy2/cache/com.typesafe.play/play-java-ws_2.11/jars/play-java-ws_2.11-2.5.10.jar, /home/phillip/.ivy2/cache/com.typesafe.play/play-ws_2.11/jars/play-ws_2.11-2.5.10.jar, /home/phillip/Desktop/act/activator-dist-1.3.12/repository/org.asynchttpclient/async-http-client/2.0.11/jars/async-http-client.jar, /home/phillip/Desktop/act/activator-dist-1.3.12/repository/org.asynchttpclient/netty-resolver-dns/2.0.11/jars/netty-resolver-dns.jar, /home/phillip/Desktop/act/activator-dist-1.3.12/repository/org.asynchttpclient/netty-resolver/2.0.11/jars/netty-resolver.jar, /home/phillip/Desktop/act/activator-dist-1.3.12/repository/org.asynchttpclient/netty-codec-dns/2.0.11/jars/netty-codec-dns.jar, /home/phillip/Desktop/act/activator-dist-1.3.12/repository/org.javassist/javassist/3.20.0-GA/bundles/javassist.jar, /home/phillip/.ivy2/cache/oauth.signpost/signpost-core/jars/signpost-core-1.2.1.2.jar, /home/phillip/.ivy2/cache/oauth.signpost/signpost-commonshttp4/jars/signpost-commonshttp4-1.2.1.2.jar, /home/phillip/Desktop/act/activator-dist-1.3.12/repository/org.apache.httpcomponents/httpcore/4.0.1/jars/httpcore.jar, /home/phillip/Desktop/act/activator-dist-1.3.12/repository/org.apache.httpcomponents/httpclient/4.0.1/jars/httpclient.jar, /home/phillip/.ivy2/cache/commons-logging/commons-logging/jars/commons-logging-1.1.1.jar),List((public/,/media/sf_phillsShared/play project/play-java/target/web/public/main)),List(/home/phillip/.ivy2/cache/com.typesafe.play/play-omnidoc_2.11/jars/play-omnidoc_2.11-2.5.10.jar, /home/phillip/Desktop/act/activator-dist-1.3.12/repository/org.scala-lang/scala-library/2.11.7/jars/scala-library.jar, /home/phillip/.ivy2/cache/com.typesafe.play/play-docs_2.11/jars/play-docs_2.11-2.5.10.jar, /home/phillip/.ivy2/cache/com.typesafe.play/play-netty-server_2.11/jars/play-netty-server_2.11-2.5.10.jar, /home/phillip/.ivy2/cache/com.typesafe.play/play-server_2.11/jars/play-server_2.11-2.5.10.jar, /home/phillip/.ivy2/cache/com.typesafe.play/play_2.11/jars/play_2.11-2.5.10.jar, /home/phillip/.ivy2/cache/com.typesafe.play/build-link/jars/build-link-2.5.10.jar, /home/phillip/.ivy2/cache/com.typesafe.play/play-exceptions/jars/play-exceptions-2.5.10.jar, /home/phillip/.ivy2/cache/com.typesafe.play/play-iteratees_2.11/jars/play-iteratees_2.11-2.5.10.jar, /home/phillip/.ivy2/cache/org.scala-stm/scala-stm_2.11/jars/scala-stm_2.11-0.7.jar, /home/phillip/Desktop/act/activator-dist-1.3.12/repository/com.typesafe/config/1.3.0/bundles/config.jar, /home/phillip/.ivy2/cache/com.typesafe.play/play-json_2.11/jars/play-json_2.11-2.5.10.jar, /home/phillip/.ivy2/cache/com.typesafe.play/play-functional_2.11/jars/play-functional_2.11-2.5.10.jar, /home/phillip/.ivy2/cache/com.typesafe.play/play-datacommons_2.11/jars/play-datacommons_2.11-2.5.10.jar, /home/phillip/.ivy2/cache/joda-time/joda-time/jars/joda-time-2.9.6.jar, /home/phillip/Desktop/act/activator-dist-1.3.12/repository/org.joda/joda-convert/1.8.1/jars/joda-convert.jar, /home/phillip/Desktop/act/activator-dist-1.3.12/repository/org.scala-lang/scala-reflect/2.11.7/jars/scala-reflect.jar, /home/phillip/.ivy2/cache/com.fasterxml.jackson.core/jackson-core/bundles/jackson-core-2.7.8.jar, /home/phillip/.ivy2/cache/com.fasterxml.jackson.core/jackson-annotations/bundles/jackson-annotations-2.7.8.jar, /home/phillip/.ivy2/cache/com.fasterxml.jackson.core/jackson-databind/bundles/jackson-databind-2.7.8.jar, /home/phillip/.ivy2/cache/com.fasterxml.jackson.datatype/jackson-datatype-jdk8/bundles/jackson-datatype-jdk8-2.7.8.jar, /home/phillip/.ivy2/cache/com.fasterxml.jackson.datatype/jackson-datatype-jsr310/bundles/jackson-datatype-jsr310-2.7.8.jar, /home/phillip/.ivy2/cache/com.typesafe.play/play-netty-utils/jars/play-netty-utils-2.5.10.jar, /home/phillip/Desktop/act/activator-dist-1.3.12/repository/org.slf4j/slf4j-api/1.7.21/jars/slf4j-api.jar, /home/phillip/Desktop/act/activator-dist-1.3.12/repository/org.slf4j/jul-to-slf4j/1.7.21/jars/jul-to-slf4j.jar, /home/phillip/Desktop/act/activator-dist-1.3.12/repository/org.slf4j/jcl-over-slf4j/1.7.21/jars/jcl-over-slf4j.jar, /home/phillip/.ivy2/cache/com.typesafe.play/play-streams_2.11/jars/play-streams_2.11-2.5.10.jar, /home/phillip/Desktop/act/activator-dist-1.3.12/repository/org.reactivestreams/reactive-streams/1.0.0/jars/reactive-streams.jar, /home/phillip/.ivy2/cache/com.typesafe.akka/akka-stream_2.11/jars/akka-stream_2.11-2.4.12.jar, /home/phillip/.ivy2/cache/com.typesafe.akka/akka-actor_2.11/jars/akka-actor_2.11-2.4.12.jar, /home/phillip/Desktop/act/activator-dist-1.3.12/repository/org.scala-lang.modules/scala-java8-compat_2.11/0.7.0/bundles/scala-java8-compat_2.11.jar, /home/phillip/Desktop/act/activator-dist-1.3.12/repository/com.typesafe/ssl-config-core_2.11/0.2.1/bundles/ssl-config-core_2.11.jar, /home/phillip/.ivy2/cache/org.scala-lang.modules/scala-parser-combinators_2.11/bundles/scala-parser-combinators_2.11-1.0.4.jar, /home/phillip/Desktop/act/activator-dist-1.3.12/repository/com.typesafe.play/twirl-api_2.11/1.1.1/jars/twirl-api_2.11.jar, /home/phillip/Desktop/act/activator-dist-1.3.12/repository/org.apache.commons/commons-lang3/3.4/jars/commons-lang3.jar, /home/phillip/.ivy2/cache/org.scala-lang.modules/scala-xml_2.11/bundles/scala-xml_2.11-1.0.1.jar, /home/phillip/.ivy2/cache/com.typesafe.akka/akka-slf4j_2.11/jars/akka-slf4j_2.11-2.4.12.jar, /home/phillip/Desktop/act/activator-dist-1.3.12/repository/commons-codec/commons-codec/1.10/jars/commons-codec.jar, /home/phillip/.ivy2/cache/xerces/xercesImpl/jars/xercesImpl-2.11.0.jar, /home/phillip/.ivy2/cache/xml-apis/xml-apis/jars/xml-apis-1.4.01.jar, /home/phillip/.ivy2/cache/javax.transaction/jta/jars/jta-1.1.jar, /home/phillip/Desktop/act/activator-dist-1.3.12/repository/com.google.inject/guice/4.0/jars/guice.jar, /home/phillip/Desktop/act/activator-dist-1.3.12/repository/javax.inject/javax.inject/1/jars/javax.inject.jar, /home/phillip/Desktop/act/activator-dist-1.3.12/repository/aopalliance/aopalliance/1.0/jars/aopalliance.jar, /home/phillip/.ivy2/cache/com.google.guava/guava/bundles/guava-16.0.1.jar, /home/phillip/Desktop/act/activator-dist-1.3.12/repository/com.google.inject.extensions/guice-assistedinject/4.0/jars/guice-assistedinject.jar, /home/phillip/Desktop/act/activator-dist-1.3.12/repository/com.typesafe.netty/netty-reactive-streams-http/1.0.8/jars/netty-reactive-streams-http.jar, /home/phillip/Desktop/act/activator-dist-1.3.12/repository/com.typesafe.netty/netty-reactive-streams/1.0.8/jars/netty-reactive-streams.jar, /home/phillip/Desktop/act/activator-dist-1.3.12/repository/io.netty/netty-handler/4.0.41.Final/jars/netty-handler.jar, /home/phillip/Desktop/act/activator-dist-1.3.12/repository/io.netty/netty-buffer/4.0.41.Final/jars/netty-buffer.jar, /home/phillip/Desktop/act/activator-dist-1.3.12/repository/io.netty/netty-common/4.0.41.Final/jars/netty-common.jar, /home/phillip/Desktop/act/activator-dist-1.3.12/repository/io.netty/netty-transport/4.0.41.Final/jars/netty-transport.jar, /home/phillip/Desktop/act/activator-dist-1.3.12/repository/io.netty/netty-codec/4.0.41.Final/jars/netty-codec.jar, /home/phillip/Desktop/act/activator-dist-1.3.12/repository/io.netty/netty-codec-http/4.0.41.Final/jars/netty-codec-http.jar, /home/phillip/Desktop/act/activator-dist-1.3.12/repository/io.netty/netty-transport-native-epoll/4.0.41.Final/jars/netty-transport-native-epoll-linux-x86_64.jar, /home/phillip/Desktop/act/activator-dist-1.3.12/repository/com.typesafe.play/play-doc_2.11/1.2.2/jars/play-doc_2.11.jar, /home/phillip/Desktop/act/activator-dist-1.3.12/repository/org.pegdown/pegdown/1.4.0/jars/pegdown.jar, /home/phillip/Desktop/act/activator-dist-1.3.12/repository/org.parboiled/parboiled-java/1.1.5/bundles/parboiled-java.jar, /home/phillip/Desktop/act/activator-dist-1.3.12/repository/org.parboiled/parboiled-core/1.1.5/bundles/parboiled-core.jar, /home/phillip/Desktop/act/activator-dist-1.3.12/repository/org.ow2.asm/asm/4.1/jars/asm.jar, /home/phillip/Desktop/act/activator-dist-1.3.12/repository/org.ow2.asm/asm-tree/4.1/jars/asm-tree.jar, /home/phillip/Desktop/act/activator-dist-1.3.12/repository/org.ow2.asm/asm-analysis/4.1/jars/asm-analysis.jar, /home/phillip/Desktop/act/activator-dist-1.3.12/repository/org.ow2.asm/asm-util/4.1/jars/asm-util.jar, /home/phillip/Desktop/act/activator-dist-1.3.12/repository/commons-io/commons-io/2.4/jars/commons-io.jar),Some(/home/phillip/.ivy2/cache/com.typesafe.play/play-omnidoc_2.11/jars/play-omnidoc_2.11-2.5.10.jar),List(),9000,0.0.0.0,DefaultWatchService,List(/media/sf_phillsShared/play project/play-java/public, /media/sf_phillsShared/play project/play-java/conf, /media/sf_phillsShared/play project/play-java/app),/media/sf_phillsShared/play project/play-java/target,500,myProject/playForkNotifyStart,myProject/playForkReload,300000,play.core.server.DevServerStart))))
Sending msg to client play-fork-run-201e7ff7-1196-4871-82f5-bf309f82f59b: TaskStarted(13,1057,None)
Sending msg to client play-fork-run-201e7ff7-1196-4871-82f5-bf309f82f59b: TaskFinished(13,1057,None,true,None)
Sending msg to client play-fork-run-201e7ff7-1196-4871-82f5-bf309f82f59b: TaskStarted(13,1056,None)
Sending msg to client play-fork-run-201e7ff7-1196-4871-82f5-bf309f82f59b: TaskFinished(13,1056,None,true,None)
Sending msg to client play-fork-run-201e7ff7-1196-4871-82f5-bf309f82f59b: DetachedLogEvent(LogMessage(debug,cancel strategy finish enabled=false lastCommand=Some(LastCommand(CommandExecutionWork(ExecutionId(13),{file:/media/sf_phillsShared/play%20project/play-java/}myProject/*:playForkConfig,Set(LiveClient(play-fork-run 201e7ff7-1196-4871-82f5-bf309f82f59b)),sbt.server.WorkCancellationStatus$$anon$1@9d16374)))))
Sending msg to client play-fork-run-201e7ff7-1196-4871-82f5-bf309f82f59b: DetachedLogEvent(LogSuccess(Total time: 1 s, completed 14-Mar-2017 12:06:34))
Sending msg to client play-fork-run-201e7ff7-1196-4871-82f5-bf309f82f59b: DetachedLogEvent(LogMessage(debug,> server-post-command-cleanup))
Sending msg to client play-fork-run-201e7ff7-1196-4871-82f5-bf309f82f59b: ExecutionSuccess(13)
Sending msg to client play-fork-run-201e7ff7-1196-4871-82f5-bf309f82f59b: DetachedLogEvent(LogMessage(debug,> server-handle-next-server-request))
Sending msg to client play-fork-run-201e7ff7-1196-4871-82f5-bf309f82f59b: BackgroundJobLogEvent(2,LogMessage(info,))
Sending msg to client play-fork-run-201e7ff7-1196-4871-82f5-bf309f82f59b: BackgroundJobLogEvent(2,LogMessage(info,[35m--- (Running the application, auto-reloading is enabled) ---[0m))
Sending msg to client play-fork-run-201e7ff7-1196-4871-82f5-bf309f82f59b: BackgroundJobLogEvent(2,LogMessage(info,))
Sending msg to client play-fork-run-201e7ff7-1196-4871-82f5-bf309f82f59b: BackgroundJobLogEvent(2,LogMessage(info,p.c.s.NettyServer - Listening for HTTP on /0:0:0:0:0:0:0:0:9000))
Sending msg to client play-fork-run-201e7ff7-1196-4871-82f5-bf309f82f59b: BackgroundJobLogEvent(2,LogMessage(info,))
Sending msg to client play-fork-run-201e7ff7-1196-4871-82f5-bf309f82f59b: BackgroundJobLogEvent(2,LogMessage(info,[32m(Server started, use Ctrl+D to stop and go back to the console...)[0m))
Sending msg to client play-fork-run-201e7ff7-1196-4871-82f5-bf309f82f59b: BackgroundJobLogEvent(2,LogMessage(info,))
Got request: ExecutionRequest(myProject/playForkNotifyStart http://localhost:9000)
Reading next message from client.
Sending msg to client play-fork-run-201e7ff7-1196-4871-82f5-bf309f82f59b: (8,ExecutionRequestReceived(14))
Sending msg to client play-fork-run-201e7ff7-1196-4871-82f5-bf309f82f59b: ExecutionWaiting(14,myProject/playForkNotifyStart http://localhost:9000,ClientInfo(201e7ff7-1196-4871-82f5-bf309f82f59b,play-fork-run,Play Fork Run,1,Vector()))
Sending msg to client play-fork-run-201e7ff7-1196-4871-82f5-bf309f82f59b: ExecutionStarting(14)
Sending msg to client play-fork-run-201e7ff7-1196-4871-82f5-bf309f82f59b: DetachedLogEvent(LogMessage(debug,> myProject/playForkNotifyStart http://localhost:9000))
Sending msg to client play-fork-run-201e7ff7-1196-4871-82f5-bf309f82f59b: DetachedLogEvent(LogMessage(debug,Evaluating tasks: *:playForkNotifyStart))
Sending msg to client play-fork-run-201e7ff7-1196-4871-82f5-bf309f82f59b: DetachedLogEvent(LogMessage(debug,Running task... Cancel: sbt.server.ServerTaskCancellation@14e0180e, check cycles: false))
Sending msg to client play-fork-run-201e7ff7-1196-4871-82f5-bf309f82f59b: DetachedLogEvent(LogMessage(debug,cancel strategy start enabled=true lastCommand=Some(LastCommand(CommandExecutionWork(ExecutionId(14),myProject/playForkNotifyStart http://localhost:9000,Set(LiveClient(play-fork-run 201e7ff7-1196-4871-82f5-bf309f82f59b)),sbt.server.WorkCancellationStatus$$anon$1@37895c65)))))
Sending msg to client play-fork-run-201e7ff7-1196-4871-82f5-bf309f82f59b: TaskStarted(14,1134,Some(AttributeKey[sbt.SendEventService]("sendEventService") in Scope(Global)))
Sending msg to client play-fork-run-201e7ff7-1196-4871-82f5-bf309f82f59b: TaskFinished(14,1134,Some(AttributeKey[sbt.SendEventService]("sendEventService") in Scope(Global)),true,None)
Sending msg to client play-fork-run-201e7ff7-1196-4871-82f5-bf309f82f59b: TaskStarted(14,1133,Some(AttributeKey[scala.Function1[java.lang.String,void]]("playForkStarted") in Scope(Build: file:/media/sf_phillsShared/play%20project/play-java/, , Project: ProjectReference(file:/media/sf_phillsShared/play%20project/play-java/,myProject))))
Sending msg to client play-fork-run-201e7ff7-1196-4871-82f5-bf309f82f59b: TaskFinished(14,1133,Some(AttributeKey[scala.Function1[java.lang.String,void]]("playForkStarted") in Scope(Build: file:/media/sf_phillsShared/play%20project/play-java/, , Project: ProjectReference(file:/media/sf_phillsShared/play%20project/play-java/,myProject))),true,None)
Sending msg to client play-fork-run-201e7ff7-1196-4871-82f5-bf309f82f59b: TaskStarted(14,1132,Some(AttributeKey[void]("playForkNotifyStart") in Scope(Build: file:/media/sf_phillsShared/play%20project/play-java/, , Project: ProjectReference(file:/media/sf_phillsShared/play%20project/play-java/,myProject))))
Sending msg to client play-fork-run-201e7ff7-1196-4871-82f5-bf309f82f59b: TaskEvent(1132,LazyValue(PlayServerStarted(http://localhost:9000),play.forkrun.protocol.Serializers$PlayForkrunProtocolPlayServerStartedPickler1$2$@137580d2))
Sending msg to client play-fork-run-201e7ff7-1196-4871-82f5-bf309f82f59b: TaskFinished(14,1132,Some(AttributeKey[void]("playForkNotifyStart") in Scope(Build: file:/media/sf_phillsShared/play%20project/play-java/, , Project: ProjectReference(file:/media/sf_phillsShared/play%20project/play-java/,myProject))),true,None)
Sending msg to client play-fork-run-201e7ff7-1196-4871-82f5-bf309f82f59b: TaskStarted(14,1131,None)
Sending msg to client play-fork-run-201e7ff7-1196-4871-82f5-bf309f82f59b: TaskFinished(14,1131,None,true,None)
Sending msg to client play-fork-run-201e7ff7-1196-4871-82f5-bf309f82f59b: TaskStarted(14,1130,None)
Sending msg to client play-fork-run-201e7ff7-1196-4871-82f5-bf309f82f59b: TaskFinished(14,1130,None,true,None)
Sending msg to client play-fork-run-201e7ff7-1196-4871-82f5-bf309f82f59b: DetachedLogEvent(LogMessage(debug,cancel strategy finish enabled=false lastCommand=Some(LastCommand(CommandExecutionWork(ExecutionId(14),myProject/playForkNotifyStart http://localhost:9000,Set(LiveClient(play-fork-run 201e7ff7-1196-4871-82f5-bf309f82f59b)),sbt.server.WorkCancellationStatus$$anon$1@37895c65)))))
Sending msg to client play-fork-run-201e7ff7-1196-4871-82f5-bf309f82f59b: DetachedLogEvent(LogSuccess(Total time: 0 s, completed 14-Mar-2017 12:06:37))
Sending msg to client play-fork-run-201e7ff7-1196-4871-82f5-bf309f82f59b: DetachedLogEvent(LogMessage(debug,> server-post-command-cleanup))
Sending msg to client play-fork-run-201e7ff7-1196-4871-82f5-bf309f82f59b: ExecutionSuccess(14)
Sending msg to client play-fork-run-201e7ff7-1196-4871-82f5-bf309f82f59b: DetachedLogEvent(LogMessage(debug,> server-handle-next-server-request))
